Compiling the C compiler identification source file "CMakeCCompilerId.c" failed.
Compiler: /home/abdallah/opt/xPacks/@gnu-mcu-eclipse/arm-none-eabi-gcc/8.2.1-1.4.1/.content/bin//bin/arm-none-eabi-gcc 
Build flags: 
Id flags:  

The output was:
No such file or directory


Compiling the C compiler identification source file "CMakeCCompilerId.c" failed.
Compiler: /home/abdallah/opt/xPacks/@gnu-mcu-eclipse/arm-none-eabi-gcc/8.2.1-1.4.1/.content/bin//bin/arm-none-eabi-gcc 
Build flags: 
Id flags: -c 

The output was:
No such file or directory


Compiling the C compiler identification source file "CMakeCCompilerId.c" failed.
Compiler: /home/abdallah/opt/xPacks/@gnu-mcu-eclipse/arm-none-eabi-gcc/8.2.1-1.4.1/.content/bin//bin/arm-none-eabi-gcc 
Build flags: 
Id flags: -Aa 

The output was:
No such file or directory


Compiling the C compiler identification source file "CMakeCCompilerId.c" failed.
Compiler: /home/abdallah/opt/xPacks/@gnu-mcu-eclipse/arm-none-eabi-gcc/8.2.1-1.4.1/.content/bin//bin/arm-none-eabi-gcc 
Build flags: 
Id flags: -D__CLASSIC_C__ 

The output was:
No such file or directory


Compiling the C compiler identification source file "CMakeCCompilerId.c" failed.
Compiler: /home/abdallah/opt/xPacks/@gnu-mcu-eclipse/arm-none-eabi-gcc/8.2.1-1.4.1/.content/bin//bin/arm-none-eabi-gcc 
Build flags: 
Id flags:  

The output was:
No such file or directory


Compiling the C compiler identification source file "CMakeCCompilerId.c" failed.
Compiler: /home/abdallah/opt/xPacks/@gnu-mcu-eclipse/arm-none-eabi-gcc/8.2.1-1.4.1/.content/bin//bin/arm-none-eabi-gcc 
Build flags: 
Id flags: -c 

The output was:
No such file or directory


Compiling the C compiler identification source file "CMakeCCompilerId.c" failed.
Compiler: /home/abdallah/opt/xPacks/@gnu-mcu-eclipse/arm-none-eabi-gcc/8.2.1-1.4.1/.content/bin//bin/arm-none-eabi-gcc 
Build flags: 
Id flags: -Aa 

The output was:
No such file or directory


Compiling the C compiler identification source file "CMakeCCompilerId.c" failed.
Compiler: /home/abdallah/opt/xPacks/@gnu-mcu-eclipse/arm-none-eabi-gcc/8.2.1-1.4.1/.content/bin//bin/arm-none-eabi-gcc 
Build flags: 
Id flags: -D__CLASSIC_C__ 

The output was:
No such file or directory


Checking whether the C compiler is IAR using "" did not match "IAR .+ Compiler":
Checking whether the C compiler is IAR using "" did not match "IAR .+ Compiler":
Compiling the CXX compiler identification source file "CMakeCXXCompilerId.cpp" failed.
Compiler: /home/abdallah/opt/xPacks/@gnu-mcu-eclipse/arm-none-eabi-gcc/8.2.1-1.4.1/.content/bin//bin/arm-none-eabi-g++ 
Build flags: 
Id flags:  

The output was:
No such file or directory


Compiling the CXX compiler identification source file "CMakeCXXCompilerId.cpp" failed.
Compiler: /home/abdallah/opt/xPacks/@gnu-mcu-eclipse/arm-none-eabi-gcc/8.2.1-1.4.1/.content/bin//bin/arm-none-eabi-g++ 
Build flags: 
Id flags: -c 

The output was:
No such file or directory


Compiling the CXX compiler identification source file "CMakeCXXCompilerId.cpp" failed.
Compiler: /home/abdallah/opt/xPacks/@gnu-mcu-eclipse/arm-none-eabi-gcc/8.2.1-1.4.1/.content/bin//bin/arm-none-eabi-g++ 
Build flags: 
Id flags: --c++ 

The output was:
No such file or directory


Compiling the CXX compiler identification source file "CMakeCXXCompilerId.cpp" failed.
Compiler: /home/abdallah/opt/xPacks/@gnu-mcu-eclipse/arm-none-eabi-gcc/8.2.1-1.4.1/.content/bin//bin/arm-none-eabi-g++ 
Build flags: 
Id flags: --ec++ 

The output was:
No such file or directory


Compiling the CXX compiler identification source file "CMakeCXXCompilerId.cpp" failed.
Compiler: /home/abdallah/opt/xPacks/@gnu-mcu-eclipse/arm-none-eabi-gcc/8.2.1-1.4.1/.content/bin//bin/arm-none-eabi-g++ 
Build flags: 
Id flags:  

The output was:
No such file or directory


Compiling the CXX compiler identification source file "CMakeCXXCompilerId.cpp" failed.
Compiler: /home/abdallah/opt/xPacks/@gnu-mcu-eclipse/arm-none-eabi-gcc/8.2.1-1.4.1/.content/bin//bin/arm-none-eabi-g++ 
Build flags: 
Id flags: -c 

The output was:
No such file or directory


Compiling the CXX compiler identification source file "CMakeCXXCompilerId.cpp" failed.
Compiler: /home/abdallah/opt/xPacks/@gnu-mcu-eclipse/arm-none-eabi-gcc/8.2.1-1.4.1/.content/bin//bin/arm-none-eabi-g++ 
Build flags: 
Id flags: --c++ 

The output was:
No such file or directory


Compiling the CXX compiler identification source file "CMakeCXXCompilerId.cpp" failed.
Compiler: /home/abdallah/opt/xPacks/@gnu-mcu-eclipse/arm-none-eabi-gcc/8.2.1-1.4.1/.content/bin//bin/arm-none-eabi-g++ 
Build flags: 
Id flags: --ec++ 

The output was:
No such file or directory


Checking whether the CXX compiler is IAR using "" did not match "IAR .+ Compiler":
Checking whether the CXX compiler is IAR using "" did not match "IAR .+ Compiler":
Compiling the C compiler identification source file "CMakeCCompilerId.c" failed.
Compiler: /home/abdallah/opt/xPacks/@gnu-mcu-eclipse/arm-none-eabi-gcc/8.2.1-1.4.1/.content//bin/arm-none-eabi-gcc 
Build flags: 
Id flags:  

The output was:
1
/home/abdallah/opt/xPacks/@gnu-mcu-eclipse/arm-none-eabi-gcc/8.2.1-1.4.1/.content/bin/../lib/gcc/arm-none-eabi/8.2.1/../../../../arm-none-eabi/bin/ld: /home/abdallah/opt/xPacks/@gnu-mcu-eclipse/arm-none-eabi-gcc/8.2.1-1.4.1/.content/bin/../lib/gcc/arm-none-eabi/8.2.1/../../../../arm-none-eabi/lib/libc.a(lib_a-exit.o): in function `exit':
exit.c:(.text.exit+0x2c): undefined reference to `_exit'
collect2: error: ld returned 1 exit status


Compiling the CXX compiler identification source file "CMakeCXXCompilerId.cpp" failed.
Compiler: /home/abdallah/opt/xPacks/@gnu-mcu-eclipse/arm-none-eabi-gcc/8.2.1-1.4.1/.content//bin/arm-none-eabi-g++ 
Build flags: 
Id flags:  

The output was:
1
/home/abdallah/opt/xPacks/@gnu-mcu-eclipse/arm-none-eabi-gcc/8.2.1-1.4.1/.content/bin/../lib/gcc/arm-none-eabi/8.2.1/../../../../arm-none-eabi/bin/ld: /home/abdallah/opt/xPacks/@gnu-mcu-eclipse/arm-none-eabi-gcc/8.2.1-1.4.1/.content/bin/../lib/gcc/arm-none-eabi/8.2.1/../../../../arm-none-eabi/lib/libc.a(lib_a-exit.o): in function `exit':
exit.c:(.text.exit+0x2c): undefined reference to `_exit'
collect2: error: ld returned 1 exit status


Compiling the C compiler identification source file "CMakeCCompilerId.c" failed.
Compiler: /home/abdallah/opt/xPacks/@gnu-mcu-eclipse/arm-none-eabi-gcc/8.2.1-1.4.1/.content//bin/arm-none-eabi-gcc 
Build flags: 
Id flags:  

The output was:
1
/home/abdallah/opt/xPacks/@gnu-mcu-eclipse/arm-none-eabi-gcc/8.2.1-1.4.1/.content/bin/../lib/gcc/arm-none-eabi/8.2.1/../../../../arm-none-eabi/bin/ld: /home/abdallah/opt/xPacks/@gnu-mcu-eclipse/arm-none-eabi-gcc/8.2.1-1.4.1/.content/bin/../lib/gcc/arm-none-eabi/8.2.1/../../../../arm-none-eabi/lib/libc.a(lib_a-exit.o): in function `exit':
exit.c:(.text.exit+0x2c): undefined reference to `_exit'
collect2: error: ld returned 1 exit status


Compiling the CXX compiler identification source file "CMakeCXXCompilerId.cpp" failed.
Compiler: /home/abdallah/opt/xPacks/@gnu-mcu-eclipse/arm-none-eabi-gcc/8.2.1-1.4.1/.content//bin/arm-none-eabi-g++ 
Build flags: 
Id flags:  

The output was:
1
/home/abdallah/opt/xPacks/@gnu-mcu-eclipse/arm-none-eabi-gcc/8.2.1-1.4.1/.content/bin/../lib/gcc/arm-none-eabi/8.2.1/../../../../arm-none-eabi/bin/ld: /home/abdallah/opt/xPacks/@gnu-mcu-eclipse/arm-none-eabi-gcc/8.2.1-1.4.1/.content/bin/../lib/gcc/arm-none-eabi/8.2.1/../../../../arm-none-eabi/lib/libc.a(lib_a-exit.o): in function `exit':
exit.c:(.text.exit+0x2c): undefined reference to `_exit'
collect2: error: ld returned 1 exit status


Compiling the C compiler identification source file "CMakeCCompilerId.c" failed.
Compiler: /home/abdallah/opt/xPacks/@gnu-mcu-eclipse/arm-none-eabi-gcc/8.2.1-1.4.1/.content//bin/arm-none-eabi-gcc 
Build flags: 
Id flags:  

The output was:
1
/home/abdallah/opt/xPacks/@gnu-mcu-eclipse/arm-none-eabi-gcc/8.2.1-1.4.1/.content/bin/../lib/gcc/arm-none-eabi/8.2.1/../../../../arm-none-eabi/bin/ld: /home/abdallah/opt/xPacks/@gnu-mcu-eclipse/arm-none-eabi-gcc/8.2.1-1.4.1/.content/bin/../lib/gcc/arm-none-eabi/8.2.1/../../../../arm-none-eabi/lib/libc.a(lib_a-exit.o): in function `exit':
exit.c:(.text.exit+0x2c): undefined reference to `_exit'
collect2: error: ld returned 1 exit status


Compiling the CXX compiler identification source file "CMakeCXXCompilerId.cpp" failed.
Compiler: /home/abdallah/opt/xPacks/@gnu-mcu-eclipse/arm-none-eabi-gcc/8.2.1-1.4.1/.content//bin/arm-none-eabi-g++ 
Build flags: 
Id flags:  

The output was:
1
/home/abdallah/opt/xPacks/@gnu-mcu-eclipse/arm-none-eabi-gcc/8.2.1-1.4.1/.content/bin/../lib/gcc/arm-none-eabi/8.2.1/../../../../arm-none-eabi/bin/ld: /home/abdallah/opt/xPacks/@gnu-mcu-eclipse/arm-none-eabi-gcc/8.2.1-1.4.1/.content/bin/../lib/gcc/arm-none-eabi/8.2.1/../../../../arm-none-eabi/lib/libc.a(lib_a-exit.o): in function `exit':
exit.c:(.text.exit+0x2c): undefined reference to `_exit'
collect2: error: ld returned 1 exit status


Compiling the C compiler identification source file "CMakeCCompilerId.c" failed.
Compiler: /home/abdallah/opt/xPacks/@gnu-mcu-eclipse/arm-none-eabi-gcc/8.2.1-1.4.1/.content//bin/arm-none-eabi-gcc 
Build flags: 
Id flags:  

The output was:
1
/home/abdallah/opt/xPacks/@gnu-mcu-eclipse/arm-none-eabi-gcc/8.2.1-1.4.1/.content/bin/../lib/gcc/arm-none-eabi/8.2.1/../../../../arm-none-eabi/bin/ld: /home/abdallah/opt/xPacks/@gnu-mcu-eclipse/arm-none-eabi-gcc/8.2.1-1.4.1/.content/bin/../lib/gcc/arm-none-eabi/8.2.1/../../../../arm-none-eabi/lib/libc.a(lib_a-exit.o): in function `exit':
exit.c:(.text.exit+0x2c): undefined reference to `_exit'
collect2: error: ld returned 1 exit status


Compiling the CXX compiler identification source file "CMakeCXXCompilerId.cpp" failed.
Compiler: /home/abdallah/opt/xPacks/@gnu-mcu-eclipse/arm-none-eabi-gcc/8.2.1-1.4.1/.content//bin/arm-none-eabi-g++ 
Build flags: 
Id flags:  

The output was:
1
/home/abdallah/opt/xPacks/@gnu-mcu-eclipse/arm-none-eabi-gcc/8.2.1-1.4.1/.content/bin/../lib/gcc/arm-none-eabi/8.2.1/../../../../arm-none-eabi/bin/ld: /home/abdallah/opt/xPacks/@gnu-mcu-eclipse/arm-none-eabi-gcc/8.2.1-1.4.1/.content/bin/../lib/gcc/arm-none-eabi/8.2.1/../../../../arm-none-eabi/lib/libc.a(lib_a-exit.o): in function `exit':
exit.c:(.text.exit+0x2c): undefined reference to `_exit'
collect2: error: ld returned 1 exit status


Compiling the C compiler identification source file "CMakeCCompilerId.c" failed.
Compiler: /home/abdallah/opt/xPacks/@gnu-mcu-eclipse/arm-none-eabi-gcc/8.2.1-1.4.1/.content//bin/arm-none-eabi-gcc 
Build flags: 
Id flags:  

The output was:
1
/home/abdallah/opt/xPacks/@gnu-mcu-eclipse/arm-none-eabi-gcc/8.2.1-1.4.1/.content/bin/../lib/gcc/arm-none-eabi/8.2.1/../../../../arm-none-eabi/bin/ld: /home/abdallah/opt/xPacks/@gnu-mcu-eclipse/arm-none-eabi-gcc/8.2.1-1.4.1/.content/bin/../lib/gcc/arm-none-eabi/8.2.1/../../../../arm-none-eabi/lib/libc.a(lib_a-exit.o): in function `exit':
exit.c:(.text.exit+0x2c): undefined reference to `_exit'
collect2: error: ld returned 1 exit status


Compiling the CXX compiler identification source file "CMakeCXXCompilerId.cpp" failed.
Compiler: /home/abdallah/opt/xPacks/@gnu-mcu-eclipse/arm-none-eabi-gcc/8.2.1-1.4.1/.content//bin/arm-none-eabi-g++ 
Build flags: 
Id flags:  

The output was:
1
/home/abdallah/opt/xPacks/@gnu-mcu-eclipse/arm-none-eabi-gcc/8.2.1-1.4.1/.content/bin/../lib/gcc/arm-none-eabi/8.2.1/../../../../arm-none-eabi/bin/ld: /home/abdallah/opt/xPacks/@gnu-mcu-eclipse/arm-none-eabi-gcc/8.2.1-1.4.1/.content/bin/../lib/gcc/arm-none-eabi/8.2.1/../../../../arm-none-eabi/lib/libc.a(lib_a-exit.o): in function `exit':
exit.c:(.text.exit+0x2c): undefined reference to `_exit'
collect2: error: ld returned 1 exit status


Compiling the C compiler identification source file "CMakeCCompilerId.c" failed.
Compiler: /home/abdallah/opt/xPacks/@gnu-mcu-eclipse/arm-none-eabi-gcc/8.2.1-1.4.1/.content//bin/arm-none-eabi-gcc 
Build flags: 
Id flags:  

The output was:
1
/home/abdallah/opt/xPacks/@gnu-mcu-eclipse/arm-none-eabi-gcc/8.2.1-1.4.1/.content/bin/../lib/gcc/arm-none-eabi/8.2.1/../../../../arm-none-eabi/bin/ld: /home/abdallah/opt/xPacks/@gnu-mcu-eclipse/arm-none-eabi-gcc/8.2.1-1.4.1/.content/bin/../lib/gcc/arm-none-eabi/8.2.1/../../../../arm-none-eabi/lib/libc.a(lib_a-exit.o): in function `exit':
exit.c:(.text.exit+0x2c): undefined reference to `_exit'
collect2: error: ld returned 1 exit status


Compiling the CXX compiler identification source file "CMakeCXXCompilerId.cpp" failed.
Compiler: /home/abdallah/opt/xPacks/@gnu-mcu-eclipse/arm-none-eabi-gcc/8.2.1-1.4.1/.content//bin/arm-none-eabi-g++ 
Build flags: 
Id flags:  

The output was:
1
/home/abdallah/opt/xPacks/@gnu-mcu-eclipse/arm-none-eabi-gcc/8.2.1-1.4.1/.content/bin/../lib/gcc/arm-none-eabi/8.2.1/../../../../arm-none-eabi/bin/ld: /home/abdallah/opt/xPacks/@gnu-mcu-eclipse/arm-none-eabi-gcc/8.2.1-1.4.1/.content/bin/../lib/gcc/arm-none-eabi/8.2.1/../../../../arm-none-eabi/lib/libc.a(lib_a-exit.o): in function `exit':
exit.c:(.text.exit+0x2c): undefined reference to `_exit'
collect2: error: ld returned 1 exit status


Compiling the C compiler identification source file "CMakeCCompilerId.c" failed.
Compiler: /home/abdallah/opt/xPacks/@gnu-mcu-eclipse/arm-none-eabi-gcc/8.2.1-1.4.1/.content//bin/arm-none-eabi-gcc 
Build flags: 
Id flags:  

The output was:
1
/home/abdallah/opt/xPacks/@gnu-mcu-eclipse/arm-none-eabi-gcc/8.2.1-1.4.1/.content/bin/../lib/gcc/arm-none-eabi/8.2.1/../../../../arm-none-eabi/bin/ld: /home/abdallah/opt/xPacks/@gnu-mcu-eclipse/arm-none-eabi-gcc/8.2.1-1.4.1/.content/bin/../lib/gcc/arm-none-eabi/8.2.1/../../../../arm-none-eabi/lib/libc.a(lib_a-exit.o): in function `exit':
exit.c:(.text.exit+0x2c): undefined reference to `_exit'
collect2: error: ld returned 1 exit status


Compiling the CXX compiler identification source file "CMakeCXXCompilerId.cpp" failed.
Compiler: /home/abdallah/opt/xPacks/@gnu-mcu-eclipse/arm-none-eabi-gcc/8.2.1-1.4.1/.content//bin/arm-none-eabi-g++ 
Build flags: 
Id flags:  

The output was:
1
/home/abdallah/opt/xPacks/@gnu-mcu-eclipse/arm-none-eabi-gcc/8.2.1-1.4.1/.content/bin/../lib/gcc/arm-none-eabi/8.2.1/../../../../arm-none-eabi/bin/ld: /home/abdallah/opt/xPacks/@gnu-mcu-eclipse/arm-none-eabi-gcc/8.2.1-1.4.1/.content/bin/../lib/gcc/arm-none-eabi/8.2.1/../../../../arm-none-eabi/lib/libc.a(lib_a-exit.o): in function `exit':
exit.c:(.text.exit+0x2c): undefined reference to `_exit'
collect2: error: ld returned 1 exit status


Compiling the C compiler identification source file "CMakeCCompilerId.c" failed.
Compiler: /home/abdallah/opt/xPacks/@gnu-mcu-eclipse/arm-none-eabi-gcc/8.2.1-1.4.1/.content//bin/arm-none-eabi-gcc 
Build flags: 
Id flags:  

The output was:
1
/home/abdallah/opt/xPacks/@gnu-mcu-eclipse/arm-none-eabi-gcc/8.2.1-1.4.1/.content/bin/../lib/gcc/arm-none-eabi/8.2.1/../../../../arm-none-eabi/bin/ld: /home/abdallah/opt/xPacks/@gnu-mcu-eclipse/arm-none-eabi-gcc/8.2.1-1.4.1/.content/bin/../lib/gcc/arm-none-eabi/8.2.1/../../../../arm-none-eabi/lib/libc.a(lib_a-exit.o): in function `exit':
exit.c:(.text.exit+0x2c): undefined reference to `_exit'
collect2: error: ld returned 1 exit status


Compiling the CXX compiler identification source file "CMakeCXXCompilerId.cpp" failed.
Compiler: /home/abdallah/opt/xPacks/@gnu-mcu-eclipse/arm-none-eabi-gcc/8.2.1-1.4.1/.content//bin/arm-none-eabi-g++ 
Build flags: 
Id flags:  

The output was:
1
/home/abdallah/opt/xPacks/@gnu-mcu-eclipse/arm-none-eabi-gcc/8.2.1-1.4.1/.content/bin/../lib/gcc/arm-none-eabi/8.2.1/../../../../arm-none-eabi/bin/ld: /home/abdallah/opt/xPacks/@gnu-mcu-eclipse/arm-none-eabi-gcc/8.2.1-1.4.1/.content/bin/../lib/gcc/arm-none-eabi/8.2.1/../../../../arm-none-eabi/lib/libc.a(lib_a-exit.o): in function `exit':
exit.c:(.text.exit+0x2c): undefined reference to `_exit'
collect2: error: ld returned 1 exit status


Checking whether the ASM_MASM compiler is GNU using "--version" did not match "(GNU assembler)|(GCC)|(Free Software Foundation)":
Checking whether the ASM_MASM compiler is HP using "-V" did not match "HP C":
Checking whether the ASM_MASM compiler is Intel using "--version" did not match "(ICC)":
Checking whether the ASM_MASM compiler is SunPro using "-V" did not match "Sun C":
Checking whether the ASM_MASM compiler is XL using "-qversion" did not match "XL C":
Checking whether the ASM_MASM compiler is MSVC using "/?" did not match "Microsoft":
Checking whether the ASM_MASM compiler is TI using "-h" did not match "Texas Instruments":
Checking whether the ASM_MASM compiler is IAR using "" did not match "IAR Assembler":
Checking whether the ASM_MASM compiler is ARMCC using "" did not match "(ARM Compiler)|(ARM Assembler)":
Checking whether the ASM_MASM compiler is NASM using "-v" did not match "(NASM version)":
Checking whether the ASM_MASM compiler is YASM using "--version" did not match "(yasm)":
Compiling the C compiler identification source file "CMakeCCompilerId.c" failed.
Compiler: /home/abdallah/opt/xPacks/@gnu-mcu-eclipse/arm-none-eabi-gcc/8.2.1-1.4.1/.content//bin/arm-none-eabi-gcc 
Build flags: 
Id flags:  

The output was:
1
/home/abdallah/opt/xPacks/@gnu-mcu-eclipse/arm-none-eabi-gcc/8.2.1-1.4.1/.content/bin/../lib/gcc/arm-none-eabi/8.2.1/../../../../arm-none-eabi/bin/ld: /home/abdallah/opt/xPacks/@gnu-mcu-eclipse/arm-none-eabi-gcc/8.2.1-1.4.1/.content/bin/../lib/gcc/arm-none-eabi/8.2.1/../../../../arm-none-eabi/lib/libc.a(lib_a-exit.o): in function `exit':
exit.c:(.text.exit+0x2c): undefined reference to `_exit'
collect2: error: ld returned 1 exit status


Compiling the CXX compiler identification source file "CMakeCXXCompilerId.cpp" failed.
Compiler: /home/abdallah/opt/xPacks/@gnu-mcu-eclipse/arm-none-eabi-gcc/8.2.1-1.4.1/.content//bin/arm-none-eabi-g++ 
Build flags: 
Id flags:  

The output was:
1
/home/abdallah/opt/xPacks/@gnu-mcu-eclipse/arm-none-eabi-gcc/8.2.1-1.4.1/.content/bin/../lib/gcc/arm-none-eabi/8.2.1/../../../../arm-none-eabi/bin/ld: /home/abdallah/opt/xPacks/@gnu-mcu-eclipse/arm-none-eabi-gcc/8.2.1-1.4.1/.content/bin/../lib/gcc/arm-none-eabi/8.2.1/../../../../arm-none-eabi/lib/libc.a(lib_a-exit.o): in function `exit':
exit.c:(.text.exit+0x2c): undefined reference to `_exit'
collect2: error: ld returned 1 exit status


