The target system is: Generic -  - ARM
The host system is: Linux - 4.18.0-17-generic - x86_64
Compiling the C compiler identification source file "CMakeCCompilerId.c" succeeded.
Compiler: /home/abdallah/opt/xPacks/@gnu-mcu-eclipse/arm-none-eabi-gcc/8.2.1-1.4.1/.content//bin/arm-none-eabi-gcc 
Build flags: 
Id flags: -c 

The output was:
0


Compilation of the C compiler identification source "CMakeCCompilerId.c" produced "CMakeCCompilerId.o"

The C compiler identification is GNU, found in "/home/abdallah/eclipse-workspace/STM32CubeExpansion_LRWAN_V1.2.0/build/CMakeFiles/3.10.2/CompilerIdC/CMakeCCompilerId.o"

Compiling the CXX compiler identification source file "CMakeCXXCompilerId.cpp" succeeded.
Compiler: /home/abdallah/opt/xPacks/@gnu-mcu-eclipse/arm-none-eabi-gcc/8.2.1-1.4.1/.content//bin/arm-none-eabi-g++ 
Build flags: 
Id flags: -c 

The output was:
0


Compilation of the CXX compiler identification source "CMakeCXXCompilerId.cpp" produced "CMakeCXXCompilerId.o"

The CXX compiler identification is GNU, found in "/home/abdallah/eclipse-workspace/STM32CubeExpansion_LRWAN_V1.2.0/build/CMakeFiles/3.10.2/CompilerIdCXX/CMakeCXXCompilerId.o"

Determining if the C compiler works passed with the following output:
Change Dir: /home/abdallah/eclipse-workspace/STM32CubeExpansion_LRWAN_V1.2.0/build/CMakeFiles/CMakeTmp

Run Build Command:"/usr/bin/make" "cmTC_a58f5/fast"
/usr/bin/make -f CMakeFiles/cmTC_a58f5.dir/build.make CMakeFiles/cmTC_a58f5.dir/build
make[1]: Entering directory '/home/abdallah/eclipse-workspace/STM32CubeExpansion_LRWAN_V1.2.0/build/CMakeFiles/CMakeTmp'
Building C object CMakeFiles/cmTC_a58f5.dir/testCCompiler.c.obj
/home/abdallah/opt/xPacks/@gnu-mcu-eclipse/arm-none-eabi-gcc/8.2.1-1.4.1/.content//bin/arm-none-eabi-gcc    -o CMakeFiles/cmTC_a58f5.dir/testCCompiler.c.obj   -c /home/abdallah/eclipse-workspace/STM32CubeExpansion_LRWAN_V1.2.0/build/CMakeFiles/CMakeTmp/testCCompiler.c
Linking C static library libcmTC_a58f5.a
/usr/bin/cmake -P CMakeFiles/cmTC_a58f5.dir/cmake_clean_target.cmake
/usr/bin/cmake -E cmake_link_script CMakeFiles/cmTC_a58f5.dir/link.txt --verbose=1
/home/abdallah/opt/xPacks/@gnu-mcu-eclipse/arm-none-eabi-gcc/8.2.1-1.4.1/.content/bin/arm-none-eabi-ar qc libcmTC_a58f5.a  CMakeFiles/cmTC_a58f5.dir/testCCompiler.c.obj
/home/abdallah/opt/xPacks/@gnu-mcu-eclipse/arm-none-eabi-gcc/8.2.1-1.4.1/.content/bin/arm-none-eabi-ranlib libcmTC_a58f5.a
make[1]: Leaving directory '/home/abdallah/eclipse-workspace/STM32CubeExpansion_LRWAN_V1.2.0/build/CMakeFiles/CMakeTmp'


Detecting C compiler ABI info compiled with the following output:
Change Dir: /home/abdallah/eclipse-workspace/STM32CubeExpansion_LRWAN_V1.2.0/build/CMakeFiles/CMakeTmp

Run Build Command:"/usr/bin/make" "cmTC_d0fdb/fast"
/usr/bin/make -f CMakeFiles/cmTC_d0fdb.dir/build.make CMakeFiles/cmTC_d0fdb.dir/build
make[1]: Entering directory '/home/abdallah/eclipse-workspace/STM32CubeExpansion_LRWAN_V1.2.0/build/CMakeFiles/CMakeTmp'
Building C object CMakeFiles/cmTC_d0fdb.dir/CMakeCCompilerABI.c.obj
/home/abdallah/opt/xPacks/@gnu-mcu-eclipse/arm-none-eabi-gcc/8.2.1-1.4.1/.content//bin/arm-none-eabi-gcc    -o CMakeFiles/cmTC_d0fdb.dir/CMakeCCompilerABI.c.obj   -c /usr/share/cmake-3.10/Modules/CMakeCCompilerABI.c
Linking C static library libcmTC_d0fdb.a
/usr/bin/cmake -P CMakeFiles/cmTC_d0fdb.dir/cmake_clean_target.cmake
/usr/bin/cmake -E cmake_link_script CMakeFiles/cmTC_d0fdb.dir/link.txt --verbose=1
/home/abdallah/opt/xPacks/@gnu-mcu-eclipse/arm-none-eabi-gcc/8.2.1-1.4.1/.content/bin/arm-none-eabi-ar qc libcmTC_d0fdb.a  CMakeFiles/cmTC_d0fdb.dir/CMakeCCompilerABI.c.obj
/home/abdallah/opt/xPacks/@gnu-mcu-eclipse/arm-none-eabi-gcc/8.2.1-1.4.1/.content/bin/arm-none-eabi-ranlib libcmTC_d0fdb.a
make[1]: Leaving directory '/home/abdallah/eclipse-workspace/STM32CubeExpansion_LRWAN_V1.2.0/build/CMakeFiles/CMakeTmp'


Parsed C implicit link information from above output:
  link line regex: [^( *|.*[/\])(arm-none-eabi-ld|CMAKE_LINK_STARTFILE-NOTFOUND|([^/\]+-)?ld|collect2)[^/\]*( |$)]
  ignore line: [Change Dir: /home/abdallah/eclipse-workspace/STM32CubeExpansion_LRWAN_V1.2.0/build/CMakeFiles/CMakeTmp]
  ignore line: []
  ignore line: [Run Build Command:"/usr/bin/make" "cmTC_d0fdb/fast"]
  ignore line: [/usr/bin/make -f CMakeFiles/cmTC_d0fdb.dir/build.make CMakeFiles/cmTC_d0fdb.dir/build]
  ignore line: [make[1]: Entering directory '/home/abdallah/eclipse-workspace/STM32CubeExpansion_LRWAN_V1.2.0/build/CMakeFiles/CMakeTmp']
  ignore line: [Building C object CMakeFiles/cmTC_d0fdb.dir/CMakeCCompilerABI.c.obj]
  ignore line: [/home/abdallah/opt/xPacks/@gnu-mcu-eclipse/arm-none-eabi-gcc/8.2.1-1.4.1/.content//bin/arm-none-eabi-gcc    -o CMakeFiles/cmTC_d0fdb.dir/CMakeCCompilerABI.c.obj   -c /usr/share/cmake-3.10/Modules/CMakeCCompilerABI.c]
  ignore line: [Linking C static library libcmTC_d0fdb.a]
  ignore line: [/usr/bin/cmake -P CMakeFiles/cmTC_d0fdb.dir/cmake_clean_target.cmake]
  ignore line: [/usr/bin/cmake -E cmake_link_script CMakeFiles/cmTC_d0fdb.dir/link.txt --verbose=1]
  ignore line: [/home/abdallah/opt/xPacks/@gnu-mcu-eclipse/arm-none-eabi-gcc/8.2.1-1.4.1/.content/bin/arm-none-eabi-ar qc libcmTC_d0fdb.a  CMakeFiles/cmTC_d0fdb.dir/CMakeCCompilerABI.c.obj]
  ignore line: [/home/abdallah/opt/xPacks/@gnu-mcu-eclipse/arm-none-eabi-gcc/8.2.1-1.4.1/.content/bin/arm-none-eabi-ranlib libcmTC_d0fdb.a]
  ignore line: [make[1]: Leaving directory '/home/abdallah/eclipse-workspace/STM32CubeExpansion_LRWAN_V1.2.0/build/CMakeFiles/CMakeTmp']
  ignore line: []
  implicit libs: []
  implicit dirs: []
  implicit fwks: []




Detecting C [-std=c11] compiler features compiled with the following output:
Change Dir: /home/abdallah/eclipse-workspace/STM32CubeExpansion_LRWAN_V1.2.0/build/CMakeFiles/CMakeTmp

Run Build Command:"/usr/bin/make" "cmTC_c628c/fast"
/usr/bin/make -f CMakeFiles/cmTC_c628c.dir/build.make CMakeFiles/cmTC_c628c.dir/build
make[1]: Entering directory '/home/abdallah/eclipse-workspace/STM32CubeExpansion_LRWAN_V1.2.0/build/CMakeFiles/CMakeTmp'
Building C object CMakeFiles/cmTC_c628c.dir/feature_tests.c.obj
/home/abdallah/opt/xPacks/@gnu-mcu-eclipse/arm-none-eabi-gcc/8.2.1-1.4.1/.content//bin/arm-none-eabi-gcc   -std=c11 -o CMakeFiles/cmTC_c628c.dir/feature_tests.c.obj   -c /home/abdallah/eclipse-workspace/STM32CubeExpansion_LRWAN_V1.2.0/build/CMakeFiles/feature_tests.c
Linking C static library libcmTC_c628c.a
/usr/bin/cmake -P CMakeFiles/cmTC_c628c.dir/cmake_clean_target.cmake
/usr/bin/cmake -E cmake_link_script CMakeFiles/cmTC_c628c.dir/link.txt --verbose=1
/home/abdallah/opt/xPacks/@gnu-mcu-eclipse/arm-none-eabi-gcc/8.2.1-1.4.1/.content/bin/arm-none-eabi-ar qc libcmTC_c628c.a  CMakeFiles/cmTC_c628c.dir/feature_tests.c.obj
/home/abdallah/opt/xPacks/@gnu-mcu-eclipse/arm-none-eabi-gcc/8.2.1-1.4.1/.content/bin/arm-none-eabi-ranlib libcmTC_c628c.a
make[1]: Leaving directory '/home/abdallah/eclipse-workspace/STM32CubeExpansion_LRWAN_V1.2.0/build/CMakeFiles/CMakeTmp'


    Feature record: C_FEATURE:1c_function_prototypes
    Feature record: C_FEATURE:1c_restrict
    Feature record: C_FEATURE:1c_static_assert
    Feature record: C_FEATURE:1c_variadic_macros


Detecting C [-std=c99] compiler features compiled with the following output:
Change Dir: /home/abdallah/eclipse-workspace/STM32CubeExpansion_LRWAN_V1.2.0/build/CMakeFiles/CMakeTmp

Run Build Command:"/usr/bin/make" "cmTC_6ea30/fast"
/usr/bin/make -f CMakeFiles/cmTC_6ea30.dir/build.make CMakeFiles/cmTC_6ea30.dir/build
make[1]: Entering directory '/home/abdallah/eclipse-workspace/STM32CubeExpansion_LRWAN_V1.2.0/build/CMakeFiles/CMakeTmp'
Building C object CMakeFiles/cmTC_6ea30.dir/feature_tests.c.obj
/home/abdallah/opt/xPacks/@gnu-mcu-eclipse/arm-none-eabi-gcc/8.2.1-1.4.1/.content//bin/arm-none-eabi-gcc   -std=c99 -o CMakeFiles/cmTC_6ea30.dir/feature_tests.c.obj   -c /home/abdallah/eclipse-workspace/STM32CubeExpansion_LRWAN_V1.2.0/build/CMakeFiles/feature_tests.c
Linking C static library libcmTC_6ea30.a
/usr/bin/cmake -P CMakeFiles/cmTC_6ea30.dir/cmake_clean_target.cmake
/usr/bin/cmake -E cmake_link_script CMakeFiles/cmTC_6ea30.dir/link.txt --verbose=1
/home/abdallah/opt/xPacks/@gnu-mcu-eclipse/arm-none-eabi-gcc/8.2.1-1.4.1/.content/bin/arm-none-eabi-ar qc libcmTC_6ea30.a  CMakeFiles/cmTC_6ea30.dir/feature_tests.c.obj
/home/abdallah/opt/xPacks/@gnu-mcu-eclipse/arm-none-eabi-gcc/8.2.1-1.4.1/.content/bin/arm-none-eabi-ranlib libcmTC_6ea30.a
make[1]: Leaving directory '/home/abdallah/eclipse-workspace/STM32CubeExpansion_LRWAN_V1.2.0/build/CMakeFiles/CMakeTmp'


    Feature record: C_FEATURE:1c_function_prototypes
    Feature record: C_FEATURE:1c_restrict
    Feature record: C_FEATURE:0c_static_assert
    Feature record: C_FEATURE:1c_variadic_macros


Detecting C [-std=c90] compiler features compiled with the following output:
Change Dir: /home/abdallah/eclipse-workspace/STM32CubeExpansion_LRWAN_V1.2.0/build/CMakeFiles/CMakeTmp

Run Build Command:"/usr/bin/make" "cmTC_30bbb/fast"
/usr/bin/make -f CMakeFiles/cmTC_30bbb.dir/build.make CMakeFiles/cmTC_30bbb.dir/build
make[1]: Entering directory '/home/abdallah/eclipse-workspace/STM32CubeExpansion_LRWAN_V1.2.0/build/CMakeFiles/CMakeTmp'
Building C object CMakeFiles/cmTC_30bbb.dir/feature_tests.c.obj
/home/abdallah/opt/xPacks/@gnu-mcu-eclipse/arm-none-eabi-gcc/8.2.1-1.4.1/.content//bin/arm-none-eabi-gcc   -std=c90 -o CMakeFiles/cmTC_30bbb.dir/feature_tests.c.obj   -c /home/abdallah/eclipse-workspace/STM32CubeExpansion_LRWAN_V1.2.0/build/CMakeFiles/feature_tests.c
Linking C static library libcmTC_30bbb.a
/usr/bin/cmake -P CMakeFiles/cmTC_30bbb.dir/cmake_clean_target.cmake
/usr/bin/cmake -E cmake_link_script CMakeFiles/cmTC_30bbb.dir/link.txt --verbose=1
/home/abdallah/opt/xPacks/@gnu-mcu-eclipse/arm-none-eabi-gcc/8.2.1-1.4.1/.content/bin/arm-none-eabi-ar qc libcmTC_30bbb.a  CMakeFiles/cmTC_30bbb.dir/feature_tests.c.obj
/home/abdallah/opt/xPacks/@gnu-mcu-eclipse/arm-none-eabi-gcc/8.2.1-1.4.1/.content/bin/arm-none-eabi-ranlib libcmTC_30bbb.a
make[1]: Leaving directory '/home/abdallah/eclipse-workspace/STM32CubeExpansion_LRWAN_V1.2.0/build/CMakeFiles/CMakeTmp'


    Feature record: C_FEATURE:1c_function_prototypes
    Feature record: C_FEATURE:0c_restrict
    Feature record: C_FEATURE:0c_static_assert
    Feature record: C_FEATURE:0c_variadic_macros
Determining if the CXX compiler works passed with the following output:
Change Dir: /home/abdallah/eclipse-workspace/STM32CubeExpansion_LRWAN_V1.2.0/build/CMakeFiles/CMakeTmp

Run Build Command:"/usr/bin/make" "cmTC_ae11c/fast"
/usr/bin/make -f CMakeFiles/cmTC_ae11c.dir/build.make CMakeFiles/cmTC_ae11c.dir/build
make[1]: Entering directory '/home/abdallah/eclipse-workspace/STM32CubeExpansion_LRWAN_V1.2.0/build/CMakeFiles/CMakeTmp'
Building CXX object CMakeFiles/cmTC_ae11c.dir/testCXXCompiler.cxx.obj
/home/abdallah/opt/xPacks/@gnu-mcu-eclipse/arm-none-eabi-gcc/8.2.1-1.4.1/.content//bin/arm-none-eabi-g++     -o CMakeFiles/cmTC_ae11c.dir/testCXXCompiler.cxx.obj -c /home/abdallah/eclipse-workspace/STM32CubeExpansion_LRWAN_V1.2.0/build/CMakeFiles/CMakeTmp/testCXXCompiler.cxx
Linking CXX static library libcmTC_ae11c.a
/usr/bin/cmake -P CMakeFiles/cmTC_ae11c.dir/cmake_clean_target.cmake
/usr/bin/cmake -E cmake_link_script CMakeFiles/cmTC_ae11c.dir/link.txt --verbose=1
/home/abdallah/opt/xPacks/@gnu-mcu-eclipse/arm-none-eabi-gcc/8.2.1-1.4.1/.content/bin/arm-none-eabi-ar qc libcmTC_ae11c.a  CMakeFiles/cmTC_ae11c.dir/testCXXCompiler.cxx.obj
/home/abdallah/opt/xPacks/@gnu-mcu-eclipse/arm-none-eabi-gcc/8.2.1-1.4.1/.content/bin/arm-none-eabi-ranlib libcmTC_ae11c.a
make[1]: Leaving directory '/home/abdallah/eclipse-workspace/STM32CubeExpansion_LRWAN_V1.2.0/build/CMakeFiles/CMakeTmp'


Detecting CXX compiler ABI info compiled with the following output:
Change Dir: /home/abdallah/eclipse-workspace/STM32CubeExpansion_LRWAN_V1.2.0/build/CMakeFiles/CMakeTmp

Run Build Command:"/usr/bin/make" "cmTC_87d5f/fast"
/usr/bin/make -f CMakeFiles/cmTC_87d5f.dir/build.make CMakeFiles/cmTC_87d5f.dir/build
make[1]: Entering directory '/home/abdallah/eclipse-workspace/STM32CubeExpansion_LRWAN_V1.2.0/build/CMakeFiles/CMakeTmp'
Building CXX object CMakeFiles/cmTC_87d5f.dir/CMakeCXXCompilerABI.cpp.obj
/home/abdallah/opt/xPacks/@gnu-mcu-eclipse/arm-none-eabi-gcc/8.2.1-1.4.1/.content//bin/arm-none-eabi-g++     -o CMakeFiles/cmTC_87d5f.dir/CMakeCXXCompilerABI.cpp.obj -c /usr/share/cmake-3.10/Modules/CMakeCXXCompilerABI.cpp
Linking CXX static library libcmTC_87d5f.a
/usr/bin/cmake -P CMakeFiles/cmTC_87d5f.dir/cmake_clean_target.cmake
/usr/bin/cmake -E cmake_link_script CMakeFiles/cmTC_87d5f.dir/link.txt --verbose=1
/home/abdallah/opt/xPacks/@gnu-mcu-eclipse/arm-none-eabi-gcc/8.2.1-1.4.1/.content/bin/arm-none-eabi-ar qc libcmTC_87d5f.a  CMakeFiles/cmTC_87d5f.dir/CMakeCXXCompilerABI.cpp.obj
/home/abdallah/opt/xPacks/@gnu-mcu-eclipse/arm-none-eabi-gcc/8.2.1-1.4.1/.content/bin/arm-none-eabi-ranlib libcmTC_87d5f.a
make[1]: Leaving directory '/home/abdallah/eclipse-workspace/STM32CubeExpansion_LRWAN_V1.2.0/build/CMakeFiles/CMakeTmp'


Parsed CXX implicit link information from above output:
  link line regex: [^( *|.*[/\])(arm-none-eabi-ld|CMAKE_LINK_STARTFILE-NOTFOUND|([^/\]+-)?ld|collect2)[^/\]*( |$)]
  ignore line: [Change Dir: /home/abdallah/eclipse-workspace/STM32CubeExpansion_LRWAN_V1.2.0/build/CMakeFiles/CMakeTmp]
  ignore line: []
  ignore line: [Run Build Command:"/usr/bin/make" "cmTC_87d5f/fast"]
  ignore line: [/usr/bin/make -f CMakeFiles/cmTC_87d5f.dir/build.make CMakeFiles/cmTC_87d5f.dir/build]
  ignore line: [make[1]: Entering directory '/home/abdallah/eclipse-workspace/STM32CubeExpansion_LRWAN_V1.2.0/build/CMakeFiles/CMakeTmp']
  ignore line: [Building CXX object CMakeFiles/cmTC_87d5f.dir/CMakeCXXCompilerABI.cpp.obj]
  ignore line: [/home/abdallah/opt/xPacks/@gnu-mcu-eclipse/arm-none-eabi-gcc/8.2.1-1.4.1/.content//bin/arm-none-eabi-g++     -o CMakeFiles/cmTC_87d5f.dir/CMakeCXXCompilerABI.cpp.obj -c /usr/share/cmake-3.10/Modules/CMakeCXXCompilerABI.cpp]
  ignore line: [Linking CXX static library libcmTC_87d5f.a]
  ignore line: [/usr/bin/cmake -P CMakeFiles/cmTC_87d5f.dir/cmake_clean_target.cmake]
  ignore line: [/usr/bin/cmake -E cmake_link_script CMakeFiles/cmTC_87d5f.dir/link.txt --verbose=1]
  ignore line: [/home/abdallah/opt/xPacks/@gnu-mcu-eclipse/arm-none-eabi-gcc/8.2.1-1.4.1/.content/bin/arm-none-eabi-ar qc libcmTC_87d5f.a  CMakeFiles/cmTC_87d5f.dir/CMakeCXXCompilerABI.cpp.obj]
  ignore line: [/home/abdallah/opt/xPacks/@gnu-mcu-eclipse/arm-none-eabi-gcc/8.2.1-1.4.1/.content/bin/arm-none-eabi-ranlib libcmTC_87d5f.a]
  ignore line: [make[1]: Leaving directory '/home/abdallah/eclipse-workspace/STM32CubeExpansion_LRWAN_V1.2.0/build/CMakeFiles/CMakeTmp']
  ignore line: []
  implicit libs: []
  implicit dirs: []
  implicit fwks: []




Detecting CXX [-std=c++1z] compiler features compiled with the following output:
Change Dir: /home/abdallah/eclipse-workspace/STM32CubeExpansion_LRWAN_V1.2.0/build/CMakeFiles/CMakeTmp

Run Build Command:"/usr/bin/make" "cmTC_42e47/fast"
/usr/bin/make -f CMakeFiles/cmTC_42e47.dir/build.make CMakeFiles/cmTC_42e47.dir/build
make[1]: Entering directory '/home/abdallah/eclipse-workspace/STM32CubeExpansion_LRWAN_V1.2.0/build/CMakeFiles/CMakeTmp'
Building CXX object CMakeFiles/cmTC_42e47.dir/feature_tests.cxx.obj
/home/abdallah/opt/xPacks/@gnu-mcu-eclipse/arm-none-eabi-gcc/8.2.1-1.4.1/.content//bin/arm-none-eabi-g++    -std=c++1z -o CMakeFiles/cmTC_42e47.dir/feature_tests.cxx.obj -c /home/abdallah/eclipse-workspace/STM32CubeExpansion_LRWAN_V1.2.0/build/CMakeFiles/feature_tests.cxx
Linking CXX static library libcmTC_42e47.a
/usr/bin/cmake -P CMakeFiles/cmTC_42e47.dir/cmake_clean_target.cmake
/usr/bin/cmake -E cmake_link_script CMakeFiles/cmTC_42e47.dir/link.txt --verbose=1
/home/abdallah/opt/xPacks/@gnu-mcu-eclipse/arm-none-eabi-gcc/8.2.1-1.4.1/.content/bin/arm-none-eabi-ar qc libcmTC_42e47.a  CMakeFiles/cmTC_42e47.dir/feature_tests.cxx.obj
/home/abdallah/opt/xPacks/@gnu-mcu-eclipse/arm-none-eabi-gcc/8.2.1-1.4.1/.content/bin/arm-none-eabi-ranlib libcmTC_42e47.a
make[1]: Leaving directory '/home/abdallah/eclipse-workspace/STM32CubeExpansion_LRWAN_V1.2.0/build/CMakeFiles/CMakeTmp'


    Feature record: CXX_FEATURE:1cxx_aggregate_default_initializers
    Feature record: CXX_FEATURE:1cxx_alias_templates
    Feature record: CXX_FEATURE:1cxx_alignas
    Feature record: CXX_FEATURE:1cxx_alignof
    Feature record: CXX_FEATURE:1cxx_attributes
    Feature record: CXX_FEATURE:1cxx_attribute_deprecated
    Feature record: CXX_FEATURE:1cxx_auto_type
    Feature record: CXX_FEATURE:1cxx_binary_literals
    Feature record: CXX_FEATURE:1cxx_constexpr
    Feature record: CXX_FEATURE:1cxx_contextual_conversions
    Feature record: CXX_FEATURE:1cxx_decltype
    Feature record: CXX_FEATURE:1cxx_decltype_auto
    Feature record: CXX_FEATURE:1cxx_decltype_incomplete_return_types
    Feature record: CXX_FEATURE:1cxx_default_function_template_args
    Feature record: CXX_FEATURE:1cxx_defaulted_functions
    Feature record: CXX_FEATURE:1cxx_defaulted_move_initializers
    Feature record: CXX_FEATURE:1cxx_delegating_constructors
    Feature record: CXX_FEATURE:1cxx_deleted_functions
    Feature record: CXX_FEATURE:1cxx_digit_separators
    Feature record: CXX_FEATURE:1cxx_enum_forward_declarations
    Feature record: CXX_FEATURE:1cxx_explicit_conversions
    Feature record: CXX_FEATURE:1cxx_extended_friend_declarations
    Feature record: CXX_FEATURE:1cxx_extern_templates
    Feature record: CXX_FEATURE:1cxx_final
    Feature record: CXX_FEATURE:1cxx_func_identifier
    Feature record: CXX_FEATURE:1cxx_generalized_initializers
    Feature record: CXX_FEATURE:1cxx_generic_lambdas
    Feature record: CXX_FEATURE:1cxx_inheriting_constructors
    Feature record: CXX_FEATURE:1cxx_inline_namespaces
    Feature record: CXX_FEATURE:1cxx_lambdas
    Feature record: CXX_FEATURE:1cxx_lambda_init_captures
    Feature record: CXX_FEATURE:1cxx_local_type_template_args
    Feature record: CXX_FEATURE:1cxx_long_long_type
    Feature record: CXX_FEATURE:1cxx_noexcept
    Feature record: CXX_FEATURE:1cxx_nonstatic_member_init
    Feature record: CXX_FEATURE:1cxx_nullptr
    Feature record: CXX_FEATURE:1cxx_override
    Feature record: CXX_FEATURE:1cxx_range_for
    Feature record: CXX_FEATURE:1cxx_raw_string_literals
    Feature record: CXX_FEATURE:1cxx_reference_qualified_functions
    Feature record: CXX_FEATURE:1cxx_relaxed_constexpr
    Feature record: CXX_FEATURE:1cxx_return_type_deduction
    Feature record: CXX_FEATURE:1cxx_right_angle_brackets
    Feature record: CXX_FEATURE:1cxx_rvalue_references
    Feature record: CXX_FEATURE:1cxx_sizeof_member
    Feature record: CXX_FEATURE:1cxx_static_assert
    Feature record: CXX_FEATURE:1cxx_strong_enums
    Feature record: CXX_FEATURE:1cxx_template_template_parameters
    Feature record: CXX_FEATURE:1cxx_thread_local
    Feature record: CXX_FEATURE:1cxx_trailing_return_types
    Feature record: CXX_FEATURE:1cxx_unicode_literals
    Feature record: CXX_FEATURE:1cxx_uniform_initialization
    Feature record: CXX_FEATURE:1cxx_unrestricted_unions
    Feature record: CXX_FEATURE:1cxx_user_literals
    Feature record: CXX_FEATURE:1cxx_variable_templates
    Feature record: CXX_FEATURE:1cxx_variadic_macros
    Feature record: CXX_FEATURE:1cxx_variadic_templates


Detecting CXX [-std=c++14] compiler features compiled with the following output:
Change Dir: /home/abdallah/eclipse-workspace/STM32CubeExpansion_LRWAN_V1.2.0/build/CMakeFiles/CMakeTmp

Run Build Command:"/usr/bin/make" "cmTC_b7195/fast"
/usr/bin/make -f CMakeFiles/cmTC_b7195.dir/build.make CMakeFiles/cmTC_b7195.dir/build
make[1]: Entering directory '/home/abdallah/eclipse-workspace/STM32CubeExpansion_LRWAN_V1.2.0/build/CMakeFiles/CMakeTmp'
Building CXX object CMakeFiles/cmTC_b7195.dir/feature_tests.cxx.obj
/home/abdallah/opt/xPacks/@gnu-mcu-eclipse/arm-none-eabi-gcc/8.2.1-1.4.1/.content//bin/arm-none-eabi-g++    -std=c++14 -o CMakeFiles/cmTC_b7195.dir/feature_tests.cxx.obj -c /home/abdallah/eclipse-workspace/STM32CubeExpansion_LRWAN_V1.2.0/build/CMakeFiles/feature_tests.cxx
Linking CXX static library libcmTC_b7195.a
/usr/bin/cmake -P CMakeFiles/cmTC_b7195.dir/cmake_clean_target.cmake
/usr/bin/cmake -E cmake_link_script CMakeFiles/cmTC_b7195.dir/link.txt --verbose=1
/home/abdallah/opt/xPacks/@gnu-mcu-eclipse/arm-none-eabi-gcc/8.2.1-1.4.1/.content/bin/arm-none-eabi-ar qc libcmTC_b7195.a  CMakeFiles/cmTC_b7195.dir/feature_tests.cxx.obj
/home/abdallah/opt/xPacks/@gnu-mcu-eclipse/arm-none-eabi-gcc/8.2.1-1.4.1/.content/bin/arm-none-eabi-ranlib libcmTC_b7195.a
make[1]: Leaving directory '/home/abdallah/eclipse-workspace/STM32CubeExpansion_LRWAN_V1.2.0/build/CMakeFiles/CMakeTmp'


    Feature record: CXX_FEATURE:1cxx_aggregate_default_initializers
    Feature record: CXX_FEATURE:1cxx_alias_templates
    Feature record: CXX_FEATURE:1cxx_alignas
    Feature record: CXX_FEATURE:1cxx_alignof
    Feature record: CXX_FEATURE:1cxx_attributes
    Feature record: CXX_FEATURE:1cxx_attribute_deprecated
    Feature record: CXX_FEATURE:1cxx_auto_type
    Feature record: CXX_FEATURE:1cxx_binary_literals
    Feature record: CXX_FEATURE:1cxx_constexpr
    Feature record: CXX_FEATURE:1cxx_contextual_conversions
    Feature record: CXX_FEATURE:1cxx_decltype
    Feature record: CXX_FEATURE:1cxx_decltype_auto
    Feature record: CXX_FEATURE:1cxx_decltype_incomplete_return_types
    Feature record: CXX_FEATURE:1cxx_default_function_template_args
    Feature record: CXX_FEATURE:1cxx_defaulted_functions
    Feature record: CXX_FEATURE:1cxx_defaulted_move_initializers
    Feature record: CXX_FEATURE:1cxx_delegating_constructors
    Feature record: CXX_FEATURE:1cxx_deleted_functions
    Feature record: CXX_FEATURE:1cxx_digit_separators
    Feature record: CXX_FEATURE:1cxx_enum_forward_declarations
    Feature record: CXX_FEATURE:1cxx_explicit_conversions
    Feature record: CXX_FEATURE:1cxx_extended_friend_declarations
    Feature record: CXX_FEATURE:1cxx_extern_templates
    Feature record: CXX_FEATURE:1cxx_final
    Feature record: CXX_FEATURE:1cxx_func_identifier
    Feature record: CXX_FEATURE:1cxx_generalized_initializers
    Feature record: CXX_FEATURE:1cxx_generic_lambdas
    Feature record: CXX_FEATURE:1cxx_inheriting_constructors
    Feature record: CXX_FEATURE:1cxx_inline_namespaces
    Feature record: CXX_FEATURE:1cxx_lambdas
    Feature record: CXX_FEATURE:1cxx_lambda_init_captures
    Feature record: CXX_FEATURE:1cxx_local_type_template_args
    Feature record: CXX_FEATURE:1cxx_long_long_type
    Feature record: CXX_FEATURE:1cxx_noexcept
    Feature record: CXX_FEATURE:1cxx_nonstatic_member_init
    Feature record: CXX_FEATURE:1cxx_nullptr
    Feature record: CXX_FEATURE:1cxx_override
    Feature record: CXX_FEATURE:1cxx_range_for
    Feature record: CXX_FEATURE:1cxx_raw_string_literals
    Feature record: CXX_FEATURE:1cxx_reference_qualified_functions
    Feature record: CXX_FEATURE:1cxx_relaxed_constexpr
    Feature record: CXX_FEATURE:1cxx_return_type_deduction
    Feature record: CXX_FEATURE:1cxx_right_angle_brackets
    Feature record: CXX_FEATURE:1cxx_rvalue_references
    Feature record: CXX_FEATURE:1cxx_sizeof_member
    Feature record: CXX_FEATURE:1cxx_static_assert
    Feature record: CXX_FEATURE:1cxx_strong_enums
    Feature record: CXX_FEATURE:1cxx_template_template_parameters
    Feature record: CXX_FEATURE:1cxx_thread_local
    Feature record: CXX_FEATURE:1cxx_trailing_return_types
    Feature record: CXX_FEATURE:1cxx_unicode_literals
    Feature record: CXX_FEATURE:1cxx_uniform_initialization
    Feature record: CXX_FEATURE:1cxx_unrestricted_unions
    Feature record: CXX_FEATURE:1cxx_user_literals
    Feature record: CXX_FEATURE:1cxx_variable_templates
    Feature record: CXX_FEATURE:1cxx_variadic_macros
    Feature record: CXX_FEATURE:1cxx_variadic_templates


Detecting CXX [-std=c++11] compiler features compiled with the following output:
Change Dir: /home/abdallah/eclipse-workspace/STM32CubeExpansion_LRWAN_V1.2.0/build/CMakeFiles/CMakeTmp

Run Build Command:"/usr/bin/make" "cmTC_a90ef/fast"
/usr/bin/make -f CMakeFiles/cmTC_a90ef.dir/build.make CMakeFiles/cmTC_a90ef.dir/build
make[1]: Entering directory '/home/abdallah/eclipse-workspace/STM32CubeExpansion_LRWAN_V1.2.0/build/CMakeFiles/CMakeTmp'
Building CXX object CMakeFiles/cmTC_a90ef.dir/feature_tests.cxx.obj
/home/abdallah/opt/xPacks/@gnu-mcu-eclipse/arm-none-eabi-gcc/8.2.1-1.4.1/.content//bin/arm-none-eabi-g++    -std=c++11 -o CMakeFiles/cmTC_a90ef.dir/feature_tests.cxx.obj -c /home/abdallah/eclipse-workspace/STM32CubeExpansion_LRWAN_V1.2.0/build/CMakeFiles/feature_tests.cxx
Linking CXX static library libcmTC_a90ef.a
/usr/bin/cmake -P CMakeFiles/cmTC_a90ef.dir/cmake_clean_target.cmake
/usr/bin/cmake -E cmake_link_script CMakeFiles/cmTC_a90ef.dir/link.txt --verbose=1
/home/abdallah/opt/xPacks/@gnu-mcu-eclipse/arm-none-eabi-gcc/8.2.1-1.4.1/.content/bin/arm-none-eabi-ar qc libcmTC_a90ef.a  CMakeFiles/cmTC_a90ef.dir/feature_tests.cxx.obj
/home/abdallah/opt/xPacks/@gnu-mcu-eclipse/arm-none-eabi-gcc/8.2.1-1.4.1/.content/bin/arm-none-eabi-ranlib libcmTC_a90ef.a
make[1]: Leaving directory '/home/abdallah/eclipse-workspace/STM32CubeExpansion_LRWAN_V1.2.0/build/CMakeFiles/CMakeTmp'


    Feature record: CXX_FEATURE:0cxx_aggregate_default_initializers
    Feature record: CXX_FEATURE:1cxx_alias_templates
    Feature record: CXX_FEATURE:1cxx_alignas
    Feature record: CXX_FEATURE:1cxx_alignof
    Feature record: CXX_FEATURE:1cxx_attributes
    Feature record: CXX_FEATURE:0cxx_attribute_deprecated
    Feature record: CXX_FEATURE:1cxx_auto_type
    Feature record: CXX_FEATURE:0cxx_binary_literals
    Feature record: CXX_FEATURE:1cxx_constexpr
    Feature record: CXX_FEATURE:0cxx_contextual_conversions
    Feature record: CXX_FEATURE:1cxx_decltype
    Feature record: CXX_FEATURE:0cxx_decltype_auto
    Feature record: CXX_FEATURE:1cxx_decltype_incomplete_return_types
    Feature record: CXX_FEATURE:1cxx_default_function_template_args
    Feature record: CXX_FEATURE:1cxx_defaulted_functions
    Feature record: CXX_FEATURE:1cxx_defaulted_move_initializers
    Feature record: CXX_FEATURE:1cxx_delegating_constructors
    Feature record: CXX_FEATURE:1cxx_deleted_functions
    Feature record: CXX_FEATURE:0cxx_digit_separators
    Feature record: CXX_FEATURE:1cxx_enum_forward_declarations
    Feature record: CXX_FEATURE:1cxx_explicit_conversions
    Feature record: CXX_FEATURE:1cxx_extended_friend_declarations
    Feature record: CXX_FEATURE:1cxx_extern_templates
    Feature record: CXX_FEATURE:1cxx_final
    Feature record: CXX_FEATURE:1cxx_func_identifier
    Feature record: CXX_FEATURE:1cxx_generalized_initializers
    Feature record: CXX_FEATURE:0cxx_generic_lambdas
    Feature record: CXX_FEATURE:1cxx_inheriting_constructors
    Feature record: CXX_FEATURE:1cxx_inline_namespaces
    Feature record: CXX_FEATURE:1cxx_lambdas
    Feature record: CXX_FEATURE:0cxx_lambda_init_captures
    Feature record: CXX_FEATURE:1cxx_local_type_template_args
    Feature record: CXX_FEATURE:1cxx_long_long_type
    Feature record: CXX_FEATURE:1cxx_noexcept
    Feature record: CXX_FEATURE:1cxx_nonstatic_member_init
    Feature record: CXX_FEATURE:1cxx_nullptr
    Feature record: CXX_FEATURE:1cxx_override
    Feature record: CXX_FEATURE:1cxx_range_for
    Feature record: CXX_FEATURE:1cxx_raw_string_literals
    Feature record: CXX_FEATURE:1cxx_reference_qualified_functions
    Feature record: CXX_FEATURE:0cxx_relaxed_constexpr
    Feature record: CXX_FEATURE:0cxx_return_type_deduction
    Feature record: CXX_FEATURE:1cxx_right_angle_brackets
    Feature record: CXX_FEATURE:1cxx_rvalue_references
    Feature record: CXX_FEATURE:1cxx_sizeof_member
    Feature record: CXX_FEATURE:1cxx_static_assert
    Feature record: CXX_FEATURE:1cxx_strong_enums
    Feature record: CXX_FEATURE:1cxx_template_template_parameters
    Feature record: CXX_FEATURE:1cxx_thread_local
    Feature record: CXX_FEATURE:1cxx_trailing_return_types
    Feature record: CXX_FEATURE:1cxx_unicode_literals
    Feature record: CXX_FEATURE:1cxx_uniform_initialization
    Feature record: CXX_FEATURE:1cxx_unrestricted_unions
    Feature record: CXX_FEATURE:1cxx_user_literals
    Feature record: CXX_FEATURE:0cxx_variable_templates
    Feature record: CXX_FEATURE:1cxx_variadic_macros
    Feature record: CXX_FEATURE:1cxx_variadic_templates


Detecting CXX [-std=c++98] compiler features compiled with the following output:
Change Dir: /home/abdallah/eclipse-workspace/STM32CubeExpansion_LRWAN_V1.2.0/build/CMakeFiles/CMakeTmp

Run Build Command:"/usr/bin/make" "cmTC_2c25f/fast"
/usr/bin/make -f CMakeFiles/cmTC_2c25f.dir/build.make CMakeFiles/cmTC_2c25f.dir/build
make[1]: Entering directory '/home/abdallah/eclipse-workspace/STM32CubeExpansion_LRWAN_V1.2.0/build/CMakeFiles/CMakeTmp'
Building CXX object CMakeFiles/cmTC_2c25f.dir/feature_tests.cxx.obj
/home/abdallah/opt/xPacks/@gnu-mcu-eclipse/arm-none-eabi-gcc/8.2.1-1.4.1/.content//bin/arm-none-eabi-g++    -std=c++98 -o CMakeFiles/cmTC_2c25f.dir/feature_tests.cxx.obj -c /home/abdallah/eclipse-workspace/STM32CubeExpansion_LRWAN_V1.2.0/build/CMakeFiles/feature_tests.cxx
Linking CXX static library libcmTC_2c25f.a
/usr/bin/cmake -P CMakeFiles/cmTC_2c25f.dir/cmake_clean_target.cmake
/usr/bin/cmake -E cmake_link_script CMakeFiles/cmTC_2c25f.dir/link.txt --verbose=1
/home/abdallah/opt/xPacks/@gnu-mcu-eclipse/arm-none-eabi-gcc/8.2.1-1.4.1/.content/bin/arm-none-eabi-ar qc libcmTC_2c25f.a  CMakeFiles/cmTC_2c25f.dir/feature_tests.cxx.obj
/home/abdallah/opt/xPacks/@gnu-mcu-eclipse/arm-none-eabi-gcc/8.2.1-1.4.1/.content/bin/arm-none-eabi-ranlib libcmTC_2c25f.a
make[1]: Leaving directory '/home/abdallah/eclipse-workspace/STM32CubeExpansion_LRWAN_V1.2.0/build/CMakeFiles/CMakeTmp'


    Feature record: CXX_FEATURE:0cxx_aggregate_default_initializers
    Feature record: CXX_FEATURE:0cxx_alias_templates
    Feature record: CXX_FEATURE:0cxx_alignas
    Feature record: CXX_FEATURE:0cxx_alignof
    Feature record: CXX_FEATURE:0cxx_attributes
    Feature record: CXX_FEATURE:0cxx_attribute_deprecated
    Feature record: CXX_FEATURE:0cxx_auto_type
    Feature record: CXX_FEATURE:0cxx_binary_literals
    Feature record: CXX_FEATURE:0cxx_constexpr
    Feature record: CXX_FEATURE:0cxx_contextual_conversions
    Feature record: CXX_FEATURE:0cxx_decltype
    Feature record: CXX_FEATURE:0cxx_decltype_auto
    Feature record: CXX_FEATURE:0cxx_decltype_incomplete_return_types
    Feature record: CXX_FEATURE:0cxx_default_function_template_args
    Feature record: CXX_FEATURE:0cxx_defaulted_functions
    Feature record: CXX_FEATURE:0cxx_defaulted_move_initializers
    Feature record: CXX_FEATURE:0cxx_delegating_constructors
    Feature record: CXX_FEATURE:0cxx_deleted_functions
    Feature record: CXX_FEATURE:0cxx_digit_separators
    Feature record: CXX_FEATURE:0cxx_enum_forward_declarations
    Feature record: CXX_FEATURE:0cxx_explicit_conversions
    Feature record: CXX_FEATURE:0cxx_extended_friend_declarations
    Feature record: CXX_FEATURE:0cxx_extern_templates
    Feature record: CXX_FEATURE:0cxx_final
    Feature record: CXX_FEATURE:0cxx_func_identifier
    Feature record: CXX_FEATURE:0cxx_generalized_initializers
    Feature record: CXX_FEATURE:0cxx_generic_lambdas
    Feature record: CXX_FEATURE:0cxx_inheriting_constructors
    Feature record: CXX_FEATURE:0cxx_inline_namespaces
    Feature record: CXX_FEATURE:0cxx_lambdas
    Feature record: CXX_FEATURE:0cxx_lambda_init_captures
    Feature record: CXX_FEATURE:0cxx_local_type_template_args
    Feature record: CXX_FEATURE:0cxx_long_long_type
    Feature record: CXX_FEATURE:0cxx_noexcept
    Feature record: CXX_FEATURE:0cxx_nonstatic_member_init
    Feature record: CXX_FEATURE:0cxx_nullptr
    Feature record: CXX_FEATURE:0cxx_override
    Feature record: CXX_FEATURE:0cxx_range_for
    Feature record: CXX_FEATURE:0cxx_raw_string_literals
    Feature record: CXX_FEATURE:0cxx_reference_qualified_functions
    Feature record: CXX_FEATURE:0cxx_relaxed_constexpr
    Feature record: CXX_FEATURE:0cxx_return_type_deduction
    Feature record: CXX_FEATURE:0cxx_right_angle_brackets
    Feature record: CXX_FEATURE:0cxx_rvalue_references
    Feature record: CXX_FEATURE:0cxx_sizeof_member
    Feature record: CXX_FEATURE:0cxx_static_assert
    Feature record: CXX_FEATURE:0cxx_strong_enums
    Feature record: CXX_FEATURE:1cxx_template_template_parameters
    Feature record: CXX_FEATURE:0cxx_thread_local
    Feature record: CXX_FEATURE:0cxx_trailing_return_types
    Feature record: CXX_FEATURE:0cxx_unicode_literals
    Feature record: CXX_FEATURE:0cxx_uniform_initialization
    Feature record: CXX_FEATURE:0cxx_unrestricted_unions
    Feature record: CXX_FEATURE:0cxx_user_literals
    Feature record: CXX_FEATURE:0cxx_variable_templates
    Feature record: CXX_FEATURE:0cxx_variadic_macros
    Feature record: CXX_FEATURE:0cxx_variadic_templates
Checking whether the ASM compiler is GNU using "--version" matched "(GNU assembler)|(GCC)|(Free Software Foundation)":
arm-none-eabi-gcc (GNU MCU Eclipse ARM Embedded GCC, 64-bit) 8.2.1 20181213 (release) [gcc-8-branch revision 267074]
Copyright (C) 2018 Free Software Foundation, Inc.
This is free software; see the source for copying conditions.  There is NO
warranty; not even for MERCHANTABILITY or FITNESS FOR A PARTICULAR PURPOSE.

The target system is: Generic -  - ARM
The host system is: Linux - 4.18.0-17-generic - x86_64
Compiling the C compiler identification source file "CMakeCCompilerId.c" succeeded.
Compiler: /home/abdallah/opt/xPacks/@gnu-mcu-eclipse/arm-none-eabi-gcc/8.2.1-1.4.1/.content//bin/arm-none-eabi-gcc 
Build flags: 
Id flags: -c 

The output was:
0


Compilation of the C compiler identification source "CMakeCCompilerId.c" produced "CMakeCCompilerId.o"

The C compiler identification is GNU, found in "/home/abdallah/eclipse-workspace/STM32CubeExpansion_LRWAN_V1.2.0/build/CMakeFiles/3.10.2/CompilerIdC/CMakeCCompilerId.o"

Compiling the CXX compiler identification source file "CMakeCXXCompilerId.cpp" succeeded.
Compiler: /home/abdallah/opt/xPacks/@gnu-mcu-eclipse/arm-none-eabi-gcc/8.2.1-1.4.1/.content//bin/arm-none-eabi-g++ 
Build flags: 
Id flags: -c 

The output was:
0


Compilation of the CXX compiler identification source "CMakeCXXCompilerId.cpp" produced "CMakeCXXCompilerId.o"

The CXX compiler identification is GNU, found in "/home/abdallah/eclipse-workspace/STM32CubeExpansion_LRWAN_V1.2.0/build/CMakeFiles/3.10.2/CompilerIdCXX/CMakeCXXCompilerId.o"

Determining if the C compiler works passed with the following output:
Change Dir: /home/abdallah/eclipse-workspace/STM32CubeExpansion_LRWAN_V1.2.0/build/CMakeFiles/CMakeTmp

Run Build Command:"/usr/bin/make" "cmTC_0abe6/fast"
/usr/bin/make -f CMakeFiles/cmTC_0abe6.dir/build.make CMakeFiles/cmTC_0abe6.dir/build
make[1]: Entering directory '/home/abdallah/eclipse-workspace/STM32CubeExpansion_LRWAN_V1.2.0/build/CMakeFiles/CMakeTmp'
Building C object CMakeFiles/cmTC_0abe6.dir/testCCompiler.c.obj
/home/abdallah/opt/xPacks/@gnu-mcu-eclipse/arm-none-eabi-gcc/8.2.1-1.4.1/.content//bin/arm-none-eabi-gcc    -o CMakeFiles/cmTC_0abe6.dir/testCCompiler.c.obj   -c /home/abdallah/eclipse-workspace/STM32CubeExpansion_LRWAN_V1.2.0/build/CMakeFiles/CMakeTmp/testCCompiler.c
Linking C static library libcmTC_0abe6.a
/usr/bin/cmake -P CMakeFiles/cmTC_0abe6.dir/cmake_clean_target.cmake
/usr/bin/cmake -E cmake_link_script CMakeFiles/cmTC_0abe6.dir/link.txt --verbose=1
/home/abdallah/opt/xPacks/@gnu-mcu-eclipse/arm-none-eabi-gcc/8.2.1-1.4.1/.content/bin/arm-none-eabi-ar qc libcmTC_0abe6.a  CMakeFiles/cmTC_0abe6.dir/testCCompiler.c.obj
/home/abdallah/opt/xPacks/@gnu-mcu-eclipse/arm-none-eabi-gcc/8.2.1-1.4.1/.content/bin/arm-none-eabi-ranlib libcmTC_0abe6.a
make[1]: Leaving directory '/home/abdallah/eclipse-workspace/STM32CubeExpansion_LRWAN_V1.2.0/build/CMakeFiles/CMakeTmp'


Detecting C compiler ABI info compiled with the following output:
Change Dir: /home/abdallah/eclipse-workspace/STM32CubeExpansion_LRWAN_V1.2.0/build/CMakeFiles/CMakeTmp

Run Build Command:"/usr/bin/make" "cmTC_36e99/fast"
/usr/bin/make -f CMakeFiles/cmTC_36e99.dir/build.make CMakeFiles/cmTC_36e99.dir/build
make[1]: Entering directory '/home/abdallah/eclipse-workspace/STM32CubeExpansion_LRWAN_V1.2.0/build/CMakeFiles/CMakeTmp'
Building C object CMakeFiles/cmTC_36e99.dir/CMakeCCompilerABI.c.obj
/home/abdallah/opt/xPacks/@gnu-mcu-eclipse/arm-none-eabi-gcc/8.2.1-1.4.1/.content//bin/arm-none-eabi-gcc    -o CMakeFiles/cmTC_36e99.dir/CMakeCCompilerABI.c.obj   -c /usr/share/cmake-3.10/Modules/CMakeCCompilerABI.c
Linking C static library libcmTC_36e99.a
/usr/bin/cmake -P CMakeFiles/cmTC_36e99.dir/cmake_clean_target.cmake
/usr/bin/cmake -E cmake_link_script CMakeFiles/cmTC_36e99.dir/link.txt --verbose=1
/home/abdallah/opt/xPacks/@gnu-mcu-eclipse/arm-none-eabi-gcc/8.2.1-1.4.1/.content/bin/arm-none-eabi-ar qc libcmTC_36e99.a  CMakeFiles/cmTC_36e99.dir/CMakeCCompilerABI.c.obj
/home/abdallah/opt/xPacks/@gnu-mcu-eclipse/arm-none-eabi-gcc/8.2.1-1.4.1/.content/bin/arm-none-eabi-ranlib libcmTC_36e99.a
make[1]: Leaving directory '/home/abdallah/eclipse-workspace/STM32CubeExpansion_LRWAN_V1.2.0/build/CMakeFiles/CMakeTmp'


Parsed C implicit link information from above output:
  link line regex: [^( *|.*[/\])(arm-none-eabi-ld|CMAKE_LINK_STARTFILE-NOTFOUND|([^/\]+-)?ld|collect2)[^/\]*( |$)]
  ignore line: [Change Dir: /home/abdallah/eclipse-workspace/STM32CubeExpansion_LRWAN_V1.2.0/build/CMakeFiles/CMakeTmp]
  ignore line: []
  ignore line: [Run Build Command:"/usr/bin/make" "cmTC_36e99/fast"]
  ignore line: [/usr/bin/make -f CMakeFiles/cmTC_36e99.dir/build.make CMakeFiles/cmTC_36e99.dir/build]
  ignore line: [make[1]: Entering directory '/home/abdallah/eclipse-workspace/STM32CubeExpansion_LRWAN_V1.2.0/build/CMakeFiles/CMakeTmp']
  ignore line: [Building C object CMakeFiles/cmTC_36e99.dir/CMakeCCompilerABI.c.obj]
  ignore line: [/home/abdallah/opt/xPacks/@gnu-mcu-eclipse/arm-none-eabi-gcc/8.2.1-1.4.1/.content//bin/arm-none-eabi-gcc    -o CMakeFiles/cmTC_36e99.dir/CMakeCCompilerABI.c.obj   -c /usr/share/cmake-3.10/Modules/CMakeCCompilerABI.c]
  ignore line: [Linking C static library libcmTC_36e99.a]
  ignore line: [/usr/bin/cmake -P CMakeFiles/cmTC_36e99.dir/cmake_clean_target.cmake]
  ignore line: [/usr/bin/cmake -E cmake_link_script CMakeFiles/cmTC_36e99.dir/link.txt --verbose=1]
  ignore line: [/home/abdallah/opt/xPacks/@gnu-mcu-eclipse/arm-none-eabi-gcc/8.2.1-1.4.1/.content/bin/arm-none-eabi-ar qc libcmTC_36e99.a  CMakeFiles/cmTC_36e99.dir/CMakeCCompilerABI.c.obj]
  ignore line: [/home/abdallah/opt/xPacks/@gnu-mcu-eclipse/arm-none-eabi-gcc/8.2.1-1.4.1/.content/bin/arm-none-eabi-ranlib libcmTC_36e99.a]
  ignore line: [make[1]: Leaving directory '/home/abdallah/eclipse-workspace/STM32CubeExpansion_LRWAN_V1.2.0/build/CMakeFiles/CMakeTmp']
  ignore line: []
  implicit libs: []
  implicit dirs: []
  implicit fwks: []




Detecting C [-std=c11] compiler features compiled with the following output:
Change Dir: /home/abdallah/eclipse-workspace/STM32CubeExpansion_LRWAN_V1.2.0/build/CMakeFiles/CMakeTmp

Run Build Command:"/usr/bin/make" "cmTC_9e712/fast"
/usr/bin/make -f CMakeFiles/cmTC_9e712.dir/build.make CMakeFiles/cmTC_9e712.dir/build
make[1]: Entering directory '/home/abdallah/eclipse-workspace/STM32CubeExpansion_LRWAN_V1.2.0/build/CMakeFiles/CMakeTmp'
Building C object CMakeFiles/cmTC_9e712.dir/feature_tests.c.obj
/home/abdallah/opt/xPacks/@gnu-mcu-eclipse/arm-none-eabi-gcc/8.2.1-1.4.1/.content//bin/arm-none-eabi-gcc   -std=c11 -o CMakeFiles/cmTC_9e712.dir/feature_tests.c.obj   -c /home/abdallah/eclipse-workspace/STM32CubeExpansion_LRWAN_V1.2.0/build/CMakeFiles/feature_tests.c
Linking C static library libcmTC_9e712.a
/usr/bin/cmake -P CMakeFiles/cmTC_9e712.dir/cmake_clean_target.cmake
/usr/bin/cmake -E cmake_link_script CMakeFiles/cmTC_9e712.dir/link.txt --verbose=1
/home/abdallah/opt/xPacks/@gnu-mcu-eclipse/arm-none-eabi-gcc/8.2.1-1.4.1/.content/bin/arm-none-eabi-ar qc libcmTC_9e712.a  CMakeFiles/cmTC_9e712.dir/feature_tests.c.obj
/home/abdallah/opt/xPacks/@gnu-mcu-eclipse/arm-none-eabi-gcc/8.2.1-1.4.1/.content/bin/arm-none-eabi-ranlib libcmTC_9e712.a
make[1]: Leaving directory '/home/abdallah/eclipse-workspace/STM32CubeExpansion_LRWAN_V1.2.0/build/CMakeFiles/CMakeTmp'


    Feature record: C_FEATURE:1c_function_prototypes
    Feature record: C_FEATURE:1c_restrict
    Feature record: C_FEATURE:1c_static_assert
    Feature record: C_FEATURE:1c_variadic_macros


Detecting C [-std=c99] compiler features compiled with the following output:
Change Dir: /home/abdallah/eclipse-workspace/STM32CubeExpansion_LRWAN_V1.2.0/build/CMakeFiles/CMakeTmp

Run Build Command:"/usr/bin/make" "cmTC_3f513/fast"
/usr/bin/make -f CMakeFiles/cmTC_3f513.dir/build.make CMakeFiles/cmTC_3f513.dir/build
make[1]: Entering directory '/home/abdallah/eclipse-workspace/STM32CubeExpansion_LRWAN_V1.2.0/build/CMakeFiles/CMakeTmp'
Building C object CMakeFiles/cmTC_3f513.dir/feature_tests.c.obj
/home/abdallah/opt/xPacks/@gnu-mcu-eclipse/arm-none-eabi-gcc/8.2.1-1.4.1/.content//bin/arm-none-eabi-gcc   -std=c99 -o CMakeFiles/cmTC_3f513.dir/feature_tests.c.obj   -c /home/abdallah/eclipse-workspace/STM32CubeExpansion_LRWAN_V1.2.0/build/CMakeFiles/feature_tests.c
Linking C static library libcmTC_3f513.a
/usr/bin/cmake -P CMakeFiles/cmTC_3f513.dir/cmake_clean_target.cmake
/usr/bin/cmake -E cmake_link_script CMakeFiles/cmTC_3f513.dir/link.txt --verbose=1
/home/abdallah/opt/xPacks/@gnu-mcu-eclipse/arm-none-eabi-gcc/8.2.1-1.4.1/.content/bin/arm-none-eabi-ar qc libcmTC_3f513.a  CMakeFiles/cmTC_3f513.dir/feature_tests.c.obj
/home/abdallah/opt/xPacks/@gnu-mcu-eclipse/arm-none-eabi-gcc/8.2.1-1.4.1/.content/bin/arm-none-eabi-ranlib libcmTC_3f513.a
make[1]: Leaving directory '/home/abdallah/eclipse-workspace/STM32CubeExpansion_LRWAN_V1.2.0/build/CMakeFiles/CMakeTmp'


    Feature record: C_FEATURE:1c_function_prototypes
    Feature record: C_FEATURE:1c_restrict
    Feature record: C_FEATURE:0c_static_assert
    Feature record: C_FEATURE:1c_variadic_macros


Detecting C [-std=c90] compiler features compiled with the following output:
Change Dir: /home/abdallah/eclipse-workspace/STM32CubeExpansion_LRWAN_V1.2.0/build/CMakeFiles/CMakeTmp

Run Build Command:"/usr/bin/make" "cmTC_91276/fast"
/usr/bin/make -f CMakeFiles/cmTC_91276.dir/build.make CMakeFiles/cmTC_91276.dir/build
make[1]: Entering directory '/home/abdallah/eclipse-workspace/STM32CubeExpansion_LRWAN_V1.2.0/build/CMakeFiles/CMakeTmp'
Building C object CMakeFiles/cmTC_91276.dir/feature_tests.c.obj
/home/abdallah/opt/xPacks/@gnu-mcu-eclipse/arm-none-eabi-gcc/8.2.1-1.4.1/.content//bin/arm-none-eabi-gcc   -std=c90 -o CMakeFiles/cmTC_91276.dir/feature_tests.c.obj   -c /home/abdallah/eclipse-workspace/STM32CubeExpansion_LRWAN_V1.2.0/build/CMakeFiles/feature_tests.c
Linking C static library libcmTC_91276.a
/usr/bin/cmake -P CMakeFiles/cmTC_91276.dir/cmake_clean_target.cmake
/usr/bin/cmake -E cmake_link_script CMakeFiles/cmTC_91276.dir/link.txt --verbose=1
/home/abdallah/opt/xPacks/@gnu-mcu-eclipse/arm-none-eabi-gcc/8.2.1-1.4.1/.content/bin/arm-none-eabi-ar qc libcmTC_91276.a  CMakeFiles/cmTC_91276.dir/feature_tests.c.obj
/home/abdallah/opt/xPacks/@gnu-mcu-eclipse/arm-none-eabi-gcc/8.2.1-1.4.1/.content/bin/arm-none-eabi-ranlib libcmTC_91276.a
make[1]: Leaving directory '/home/abdallah/eclipse-workspace/STM32CubeExpansion_LRWAN_V1.2.0/build/CMakeFiles/CMakeTmp'


    Feature record: C_FEATURE:1c_function_prototypes
    Feature record: C_FEATURE:0c_restrict
    Feature record: C_FEATURE:0c_static_assert
    Feature record: C_FEATURE:0c_variadic_macros
Determining if the CXX compiler works passed with the following output:
Change Dir: /home/abdallah/eclipse-workspace/STM32CubeExpansion_LRWAN_V1.2.0/build/CMakeFiles/CMakeTmp

Run Build Command:"/usr/bin/make" "cmTC_f38b9/fast"
/usr/bin/make -f CMakeFiles/cmTC_f38b9.dir/build.make CMakeFiles/cmTC_f38b9.dir/build
make[1]: Entering directory '/home/abdallah/eclipse-workspace/STM32CubeExpansion_LRWAN_V1.2.0/build/CMakeFiles/CMakeTmp'
Building CXX object CMakeFiles/cmTC_f38b9.dir/testCXXCompiler.cxx.obj
/home/abdallah/opt/xPacks/@gnu-mcu-eclipse/arm-none-eabi-gcc/8.2.1-1.4.1/.content//bin/arm-none-eabi-g++     -o CMakeFiles/cmTC_f38b9.dir/testCXXCompiler.cxx.obj -c /home/abdallah/eclipse-workspace/STM32CubeExpansion_LRWAN_V1.2.0/build/CMakeFiles/CMakeTmp/testCXXCompiler.cxx
Linking CXX static library libcmTC_f38b9.a
/usr/bin/cmake -P CMakeFiles/cmTC_f38b9.dir/cmake_clean_target.cmake
/usr/bin/cmake -E cmake_link_script CMakeFiles/cmTC_f38b9.dir/link.txt --verbose=1
/home/abdallah/opt/xPacks/@gnu-mcu-eclipse/arm-none-eabi-gcc/8.2.1-1.4.1/.content/bin/arm-none-eabi-ar qc libcmTC_f38b9.a  CMakeFiles/cmTC_f38b9.dir/testCXXCompiler.cxx.obj
/home/abdallah/opt/xPacks/@gnu-mcu-eclipse/arm-none-eabi-gcc/8.2.1-1.4.1/.content/bin/arm-none-eabi-ranlib libcmTC_f38b9.a
make[1]: Leaving directory '/home/abdallah/eclipse-workspace/STM32CubeExpansion_LRWAN_V1.2.0/build/CMakeFiles/CMakeTmp'


Detecting CXX compiler ABI info compiled with the following output:
Change Dir: /home/abdallah/eclipse-workspace/STM32CubeExpansion_LRWAN_V1.2.0/build/CMakeFiles/CMakeTmp

Run Build Command:"/usr/bin/make" "cmTC_a1a20/fast"
/usr/bin/make -f CMakeFiles/cmTC_a1a20.dir/build.make CMakeFiles/cmTC_a1a20.dir/build
make[1]: Entering directory '/home/abdallah/eclipse-workspace/STM32CubeExpansion_LRWAN_V1.2.0/build/CMakeFiles/CMakeTmp'
Building CXX object CMakeFiles/cmTC_a1a20.dir/CMakeCXXCompilerABI.cpp.obj
/home/abdallah/opt/xPacks/@gnu-mcu-eclipse/arm-none-eabi-gcc/8.2.1-1.4.1/.content//bin/arm-none-eabi-g++     -o CMakeFiles/cmTC_a1a20.dir/CMakeCXXCompilerABI.cpp.obj -c /usr/share/cmake-3.10/Modules/CMakeCXXCompilerABI.cpp
Linking CXX static library libcmTC_a1a20.a
/usr/bin/cmake -P CMakeFiles/cmTC_a1a20.dir/cmake_clean_target.cmake
/usr/bin/cmake -E cmake_link_script CMakeFiles/cmTC_a1a20.dir/link.txt --verbose=1
/home/abdallah/opt/xPacks/@gnu-mcu-eclipse/arm-none-eabi-gcc/8.2.1-1.4.1/.content/bin/arm-none-eabi-ar qc libcmTC_a1a20.a  CMakeFiles/cmTC_a1a20.dir/CMakeCXXCompilerABI.cpp.obj
/home/abdallah/opt/xPacks/@gnu-mcu-eclipse/arm-none-eabi-gcc/8.2.1-1.4.1/.content/bin/arm-none-eabi-ranlib libcmTC_a1a20.a
make[1]: Leaving directory '/home/abdallah/eclipse-workspace/STM32CubeExpansion_LRWAN_V1.2.0/build/CMakeFiles/CMakeTmp'


Parsed CXX implicit link information from above output:
  link line regex: [^( *|.*[/\])(arm-none-eabi-ld|CMAKE_LINK_STARTFILE-NOTFOUND|([^/\]+-)?ld|collect2)[^/\]*( |$)]
  ignore line: [Change Dir: /home/abdallah/eclipse-workspace/STM32CubeExpansion_LRWAN_V1.2.0/build/CMakeFiles/CMakeTmp]
  ignore line: []
  ignore line: [Run Build Command:"/usr/bin/make" "cmTC_a1a20/fast"]
  ignore line: [/usr/bin/make -f CMakeFiles/cmTC_a1a20.dir/build.make CMakeFiles/cmTC_a1a20.dir/build]
  ignore line: [make[1]: Entering directory '/home/abdallah/eclipse-workspace/STM32CubeExpansion_LRWAN_V1.2.0/build/CMakeFiles/CMakeTmp']
  ignore line: [Building CXX object CMakeFiles/cmTC_a1a20.dir/CMakeCXXCompilerABI.cpp.obj]
  ignore line: [/home/abdallah/opt/xPacks/@gnu-mcu-eclipse/arm-none-eabi-gcc/8.2.1-1.4.1/.content//bin/arm-none-eabi-g++     -o CMakeFiles/cmTC_a1a20.dir/CMakeCXXCompilerABI.cpp.obj -c /usr/share/cmake-3.10/Modules/CMakeCXXCompilerABI.cpp]
  ignore line: [Linking CXX static library libcmTC_a1a20.a]
  ignore line: [/usr/bin/cmake -P CMakeFiles/cmTC_a1a20.dir/cmake_clean_target.cmake]
  ignore line: [/usr/bin/cmake -E cmake_link_script CMakeFiles/cmTC_a1a20.dir/link.txt --verbose=1]
  ignore line: [/home/abdallah/opt/xPacks/@gnu-mcu-eclipse/arm-none-eabi-gcc/8.2.1-1.4.1/.content/bin/arm-none-eabi-ar qc libcmTC_a1a20.a  CMakeFiles/cmTC_a1a20.dir/CMakeCXXCompilerABI.cpp.obj]
  ignore line: [/home/abdallah/opt/xPacks/@gnu-mcu-eclipse/arm-none-eabi-gcc/8.2.1-1.4.1/.content/bin/arm-none-eabi-ranlib libcmTC_a1a20.a]
  ignore line: [make[1]: Leaving directory '/home/abdallah/eclipse-workspace/STM32CubeExpansion_LRWAN_V1.2.0/build/CMakeFiles/CMakeTmp']
  ignore line: []
  implicit libs: []
  implicit dirs: []
  implicit fwks: []




Detecting CXX [-std=c++1z] compiler features compiled with the following output:
Change Dir: /home/abdallah/eclipse-workspace/STM32CubeExpansion_LRWAN_V1.2.0/build/CMakeFiles/CMakeTmp

Run Build Command:"/usr/bin/make" "cmTC_b1558/fast"
/usr/bin/make -f CMakeFiles/cmTC_b1558.dir/build.make CMakeFiles/cmTC_b1558.dir/build
make[1]: Entering directory '/home/abdallah/eclipse-workspace/STM32CubeExpansion_LRWAN_V1.2.0/build/CMakeFiles/CMakeTmp'
Building CXX object CMakeFiles/cmTC_b1558.dir/feature_tests.cxx.obj
/home/abdallah/opt/xPacks/@gnu-mcu-eclipse/arm-none-eabi-gcc/8.2.1-1.4.1/.content//bin/arm-none-eabi-g++    -std=c++1z -o CMakeFiles/cmTC_b1558.dir/feature_tests.cxx.obj -c /home/abdallah/eclipse-workspace/STM32CubeExpansion_LRWAN_V1.2.0/build/CMakeFiles/feature_tests.cxx
Linking CXX static library libcmTC_b1558.a
/usr/bin/cmake -P CMakeFiles/cmTC_b1558.dir/cmake_clean_target.cmake
/usr/bin/cmake -E cmake_link_script CMakeFiles/cmTC_b1558.dir/link.txt --verbose=1
/home/abdallah/opt/xPacks/@gnu-mcu-eclipse/arm-none-eabi-gcc/8.2.1-1.4.1/.content/bin/arm-none-eabi-ar qc libcmTC_b1558.a  CMakeFiles/cmTC_b1558.dir/feature_tests.cxx.obj
/home/abdallah/opt/xPacks/@gnu-mcu-eclipse/arm-none-eabi-gcc/8.2.1-1.4.1/.content/bin/arm-none-eabi-ranlib libcmTC_b1558.a
make[1]: Leaving directory '/home/abdallah/eclipse-workspace/STM32CubeExpansion_LRWAN_V1.2.0/build/CMakeFiles/CMakeTmp'


    Feature record: CXX_FEATURE:1cxx_aggregate_default_initializers
    Feature record: CXX_FEATURE:1cxx_alias_templates
    Feature record: CXX_FEATURE:1cxx_alignas
    Feature record: CXX_FEATURE:1cxx_alignof
    Feature record: CXX_FEATURE:1cxx_attributes
    Feature record: CXX_FEATURE:1cxx_attribute_deprecated
    Feature record: CXX_FEATURE:1cxx_auto_type
    Feature record: CXX_FEATURE:1cxx_binary_literals
    Feature record: CXX_FEATURE:1cxx_constexpr
    Feature record: CXX_FEATURE:1cxx_contextual_conversions
    Feature record: CXX_FEATURE:1cxx_decltype
    Feature record: CXX_FEATURE:1cxx_decltype_auto
    Feature record: CXX_FEATURE:1cxx_decltype_incomplete_return_types
    Feature record: CXX_FEATURE:1cxx_default_function_template_args
    Feature record: CXX_FEATURE:1cxx_defaulted_functions
    Feature record: CXX_FEATURE:1cxx_defaulted_move_initializers
    Feature record: CXX_FEATURE:1cxx_delegating_constructors
    Feature record: CXX_FEATURE:1cxx_deleted_functions
    Feature record: CXX_FEATURE:1cxx_digit_separators
    Feature record: CXX_FEATURE:1cxx_enum_forward_declarations
    Feature record: CXX_FEATURE:1cxx_explicit_conversions
    Feature record: CXX_FEATURE:1cxx_extended_friend_declarations
    Feature record: CXX_FEATURE:1cxx_extern_templates
    Feature record: CXX_FEATURE:1cxx_final
    Feature record: CXX_FEATURE:1cxx_func_identifier
    Feature record: CXX_FEATURE:1cxx_generalized_initializers
    Feature record: CXX_FEATURE:1cxx_generic_lambdas
    Feature record: CXX_FEATURE:1cxx_inheriting_constructors
    Feature record: CXX_FEATURE:1cxx_inline_namespaces
    Feature record: CXX_FEATURE:1cxx_lambdas
    Feature record: CXX_FEATURE:1cxx_lambda_init_captures
    Feature record: CXX_FEATURE:1cxx_local_type_template_args
    Feature record: CXX_FEATURE:1cxx_long_long_type
    Feature record: CXX_FEATURE:1cxx_noexcept
    Feature record: CXX_FEATURE:1cxx_nonstatic_member_init
    Feature record: CXX_FEATURE:1cxx_nullptr
    Feature record: CXX_FEATURE:1cxx_override
    Feature record: CXX_FEATURE:1cxx_range_for
    Feature record: CXX_FEATURE:1cxx_raw_string_literals
    Feature record: CXX_FEATURE:1cxx_reference_qualified_functions
    Feature record: CXX_FEATURE:1cxx_relaxed_constexpr
    Feature record: CXX_FEATURE:1cxx_return_type_deduction
    Feature record: CXX_FEATURE:1cxx_right_angle_brackets
    Feature record: CXX_FEATURE:1cxx_rvalue_references
    Feature record: CXX_FEATURE:1cxx_sizeof_member
    Feature record: CXX_FEATURE:1cxx_static_assert
    Feature record: CXX_FEATURE:1cxx_strong_enums
    Feature record: CXX_FEATURE:1cxx_template_template_parameters
    Feature record: CXX_FEATURE:1cxx_thread_local
    Feature record: CXX_FEATURE:1cxx_trailing_return_types
    Feature record: CXX_FEATURE:1cxx_unicode_literals
    Feature record: CXX_FEATURE:1cxx_uniform_initialization
    Feature record: CXX_FEATURE:1cxx_unrestricted_unions
    Feature record: CXX_FEATURE:1cxx_user_literals
    Feature record: CXX_FEATURE:1cxx_variable_templates
    Feature record: CXX_FEATURE:1cxx_variadic_macros
    Feature record: CXX_FEATURE:1cxx_variadic_templates


Detecting CXX [-std=c++14] compiler features compiled with the following output:
Change Dir: /home/abdallah/eclipse-workspace/STM32CubeExpansion_LRWAN_V1.2.0/build/CMakeFiles/CMakeTmp

Run Build Command:"/usr/bin/make" "cmTC_53da5/fast"
/usr/bin/make -f CMakeFiles/cmTC_53da5.dir/build.make CMakeFiles/cmTC_53da5.dir/build
make[1]: Entering directory '/home/abdallah/eclipse-workspace/STM32CubeExpansion_LRWAN_V1.2.0/build/CMakeFiles/CMakeTmp'
Building CXX object CMakeFiles/cmTC_53da5.dir/feature_tests.cxx.obj
/home/abdallah/opt/xPacks/@gnu-mcu-eclipse/arm-none-eabi-gcc/8.2.1-1.4.1/.content//bin/arm-none-eabi-g++    -std=c++14 -o CMakeFiles/cmTC_53da5.dir/feature_tests.cxx.obj -c /home/abdallah/eclipse-workspace/STM32CubeExpansion_LRWAN_V1.2.0/build/CMakeFiles/feature_tests.cxx
Linking CXX static library libcmTC_53da5.a
/usr/bin/cmake -P CMakeFiles/cmTC_53da5.dir/cmake_clean_target.cmake
/usr/bin/cmake -E cmake_link_script CMakeFiles/cmTC_53da5.dir/link.txt --verbose=1
/home/abdallah/opt/xPacks/@gnu-mcu-eclipse/arm-none-eabi-gcc/8.2.1-1.4.1/.content/bin/arm-none-eabi-ar qc libcmTC_53da5.a  CMakeFiles/cmTC_53da5.dir/feature_tests.cxx.obj
/home/abdallah/opt/xPacks/@gnu-mcu-eclipse/arm-none-eabi-gcc/8.2.1-1.4.1/.content/bin/arm-none-eabi-ranlib libcmTC_53da5.a
make[1]: Leaving directory '/home/abdallah/eclipse-workspace/STM32CubeExpansion_LRWAN_V1.2.0/build/CMakeFiles/CMakeTmp'


    Feature record: CXX_FEATURE:1cxx_aggregate_default_initializers
    Feature record: CXX_FEATURE:1cxx_alias_templates
    Feature record: CXX_FEATURE:1cxx_alignas
    Feature record: CXX_FEATURE:1cxx_alignof
    Feature record: CXX_FEATURE:1cxx_attributes
    Feature record: CXX_FEATURE:1cxx_attribute_deprecated
    Feature record: CXX_FEATURE:1cxx_auto_type
    Feature record: CXX_FEATURE:1cxx_binary_literals
    Feature record: CXX_FEATURE:1cxx_constexpr
    Feature record: CXX_FEATURE:1cxx_contextual_conversions
    Feature record: CXX_FEATURE:1cxx_decltype
    Feature record: CXX_FEATURE:1cxx_decltype_auto
    Feature record: CXX_FEATURE:1cxx_decltype_incomplete_return_types
    Feature record: CXX_FEATURE:1cxx_default_function_template_args
    Feature record: CXX_FEATURE:1cxx_defaulted_functions
    Feature record: CXX_FEATURE:1cxx_defaulted_move_initializers
    Feature record: CXX_FEATURE:1cxx_delegating_constructors
    Feature record: CXX_FEATURE:1cxx_deleted_functions
    Feature record: CXX_FEATURE:1cxx_digit_separators
    Feature record: CXX_FEATURE:1cxx_enum_forward_declarations
    Feature record: CXX_FEATURE:1cxx_explicit_conversions
    Feature record: CXX_FEATURE:1cxx_extended_friend_declarations
    Feature record: CXX_FEATURE:1cxx_extern_templates
    Feature record: CXX_FEATURE:1cxx_final
    Feature record: CXX_FEATURE:1cxx_func_identifier
    Feature record: CXX_FEATURE:1cxx_generalized_initializers
    Feature record: CXX_FEATURE:1cxx_generic_lambdas
    Feature record: CXX_FEATURE:1cxx_inheriting_constructors
    Feature record: CXX_FEATURE:1cxx_inline_namespaces
    Feature record: CXX_FEATURE:1cxx_lambdas
    Feature record: CXX_FEATURE:1cxx_lambda_init_captures
    Feature record: CXX_FEATURE:1cxx_local_type_template_args
    Feature record: CXX_FEATURE:1cxx_long_long_type
    Feature record: CXX_FEATURE:1cxx_noexcept
    Feature record: CXX_FEATURE:1cxx_nonstatic_member_init
    Feature record: CXX_FEATURE:1cxx_nullptr
    Feature record: CXX_FEATURE:1cxx_override
    Feature record: CXX_FEATURE:1cxx_range_for
    Feature record: CXX_FEATURE:1cxx_raw_string_literals
    Feature record: CXX_FEATURE:1cxx_reference_qualified_functions
    Feature record: CXX_FEATURE:1cxx_relaxed_constexpr
    Feature record: CXX_FEATURE:1cxx_return_type_deduction
    Feature record: CXX_FEATURE:1cxx_right_angle_brackets
    Feature record: CXX_FEATURE:1cxx_rvalue_references
    Feature record: CXX_FEATURE:1cxx_sizeof_member
    Feature record: CXX_FEATURE:1cxx_static_assert
    Feature record: CXX_FEATURE:1cxx_strong_enums
    Feature record: CXX_FEATURE:1cxx_template_template_parameters
    Feature record: CXX_FEATURE:1cxx_thread_local
    Feature record: CXX_FEATURE:1cxx_trailing_return_types
    Feature record: CXX_FEATURE:1cxx_unicode_literals
    Feature record: CXX_FEATURE:1cxx_uniform_initialization
    Feature record: CXX_FEATURE:1cxx_unrestricted_unions
    Feature record: CXX_FEATURE:1cxx_user_literals
    Feature record: CXX_FEATURE:1cxx_variable_templates
    Feature record: CXX_FEATURE:1cxx_variadic_macros
    Feature record: CXX_FEATURE:1cxx_variadic_templates


Detecting CXX [-std=c++11] compiler features compiled with the following output:
Change Dir: /home/abdallah/eclipse-workspace/STM32CubeExpansion_LRWAN_V1.2.0/build/CMakeFiles/CMakeTmp

Run Build Command:"/usr/bin/make" "cmTC_1fd3c/fast"
/usr/bin/make -f CMakeFiles/cmTC_1fd3c.dir/build.make CMakeFiles/cmTC_1fd3c.dir/build
make[1]: Entering directory '/home/abdallah/eclipse-workspace/STM32CubeExpansion_LRWAN_V1.2.0/build/CMakeFiles/CMakeTmp'
Building CXX object CMakeFiles/cmTC_1fd3c.dir/feature_tests.cxx.obj
/home/abdallah/opt/xPacks/@gnu-mcu-eclipse/arm-none-eabi-gcc/8.2.1-1.4.1/.content//bin/arm-none-eabi-g++    -std=c++11 -o CMakeFiles/cmTC_1fd3c.dir/feature_tests.cxx.obj -c /home/abdallah/eclipse-workspace/STM32CubeExpansion_LRWAN_V1.2.0/build/CMakeFiles/feature_tests.cxx
Linking CXX static library libcmTC_1fd3c.a
/usr/bin/cmake -P CMakeFiles/cmTC_1fd3c.dir/cmake_clean_target.cmake
/usr/bin/cmake -E cmake_link_script CMakeFiles/cmTC_1fd3c.dir/link.txt --verbose=1
/home/abdallah/opt/xPacks/@gnu-mcu-eclipse/arm-none-eabi-gcc/8.2.1-1.4.1/.content/bin/arm-none-eabi-ar qc libcmTC_1fd3c.a  CMakeFiles/cmTC_1fd3c.dir/feature_tests.cxx.obj
/home/abdallah/opt/xPacks/@gnu-mcu-eclipse/arm-none-eabi-gcc/8.2.1-1.4.1/.content/bin/arm-none-eabi-ranlib libcmTC_1fd3c.a
make[1]: Leaving directory '/home/abdallah/eclipse-workspace/STM32CubeExpansion_LRWAN_V1.2.0/build/CMakeFiles/CMakeTmp'


    Feature record: CXX_FEATURE:0cxx_aggregate_default_initializers
    Feature record: CXX_FEATURE:1cxx_alias_templates
    Feature record: CXX_FEATURE:1cxx_alignas
    Feature record: CXX_FEATURE:1cxx_alignof
    Feature record: CXX_FEATURE:1cxx_attributes
    Feature record: CXX_FEATURE:0cxx_attribute_deprecated
    Feature record: CXX_FEATURE:1cxx_auto_type
    Feature record: CXX_FEATURE:0cxx_binary_literals
    Feature record: CXX_FEATURE:1cxx_constexpr
    Feature record: CXX_FEATURE:0cxx_contextual_conversions
    Feature record: CXX_FEATURE:1cxx_decltype
    Feature record: CXX_FEATURE:0cxx_decltype_auto
    Feature record: CXX_FEATURE:1cxx_decltype_incomplete_return_types
    Feature record: CXX_FEATURE:1cxx_default_function_template_args
    Feature record: CXX_FEATURE:1cxx_defaulted_functions
    Feature record: CXX_FEATURE:1cxx_defaulted_move_initializers
    Feature record: CXX_FEATURE:1cxx_delegating_constructors
    Feature record: CXX_FEATURE:1cxx_deleted_functions
    Feature record: CXX_FEATURE:0cxx_digit_separators
    Feature record: CXX_FEATURE:1cxx_enum_forward_declarations
    Feature record: CXX_FEATURE:1cxx_explicit_conversions
    Feature record: CXX_FEATURE:1cxx_extended_friend_declarations
    Feature record: CXX_FEATURE:1cxx_extern_templates
    Feature record: CXX_FEATURE:1cxx_final
    Feature record: CXX_FEATURE:1cxx_func_identifier
    Feature record: CXX_FEATURE:1cxx_generalized_initializers
    Feature record: CXX_FEATURE:0cxx_generic_lambdas
    Feature record: CXX_FEATURE:1cxx_inheriting_constructors
    Feature record: CXX_FEATURE:1cxx_inline_namespaces
    Feature record: CXX_FEATURE:1cxx_lambdas
    Feature record: CXX_FEATURE:0cxx_lambda_init_captures
    Feature record: CXX_FEATURE:1cxx_local_type_template_args
    Feature record: CXX_FEATURE:1cxx_long_long_type
    Feature record: CXX_FEATURE:1cxx_noexcept
    Feature record: CXX_FEATURE:1cxx_nonstatic_member_init
    Feature record: CXX_FEATURE:1cxx_nullptr
    Feature record: CXX_FEATURE:1cxx_override
    Feature record: CXX_FEATURE:1cxx_range_for
    Feature record: CXX_FEATURE:1cxx_raw_string_literals
    Feature record: CXX_FEATURE:1cxx_reference_qualified_functions
    Feature record: CXX_FEATURE:0cxx_relaxed_constexpr
    Feature record: CXX_FEATURE:0cxx_return_type_deduction
    Feature record: CXX_FEATURE:1cxx_right_angle_brackets
    Feature record: CXX_FEATURE:1cxx_rvalue_references
    Feature record: CXX_FEATURE:1cxx_sizeof_member
    Feature record: CXX_FEATURE:1cxx_static_assert
    Feature record: CXX_FEATURE:1cxx_strong_enums
    Feature record: CXX_FEATURE:1cxx_template_template_parameters
    Feature record: CXX_FEATURE:1cxx_thread_local
    Feature record: CXX_FEATURE:1cxx_trailing_return_types
    Feature record: CXX_FEATURE:1cxx_unicode_literals
    Feature record: CXX_FEATURE:1cxx_uniform_initialization
    Feature record: CXX_FEATURE:1cxx_unrestricted_unions
    Feature record: CXX_FEATURE:1cxx_user_literals
    Feature record: CXX_FEATURE:0cxx_variable_templates
    Feature record: CXX_FEATURE:1cxx_variadic_macros
    Feature record: CXX_FEATURE:1cxx_variadic_templates


Detecting CXX [-std=c++98] compiler features compiled with the following output:
Change Dir: /home/abdallah/eclipse-workspace/STM32CubeExpansion_LRWAN_V1.2.0/build/CMakeFiles/CMakeTmp

Run Build Command:"/usr/bin/make" "cmTC_7031e/fast"
/usr/bin/make -f CMakeFiles/cmTC_7031e.dir/build.make CMakeFiles/cmTC_7031e.dir/build
make[1]: Entering directory '/home/abdallah/eclipse-workspace/STM32CubeExpansion_LRWAN_V1.2.0/build/CMakeFiles/CMakeTmp'
Building CXX object CMakeFiles/cmTC_7031e.dir/feature_tests.cxx.obj
/home/abdallah/opt/xPacks/@gnu-mcu-eclipse/arm-none-eabi-gcc/8.2.1-1.4.1/.content//bin/arm-none-eabi-g++    -std=c++98 -o CMakeFiles/cmTC_7031e.dir/feature_tests.cxx.obj -c /home/abdallah/eclipse-workspace/STM32CubeExpansion_LRWAN_V1.2.0/build/CMakeFiles/feature_tests.cxx
Linking CXX static library libcmTC_7031e.a
/usr/bin/cmake -P CMakeFiles/cmTC_7031e.dir/cmake_clean_target.cmake
/usr/bin/cmake -E cmake_link_script CMakeFiles/cmTC_7031e.dir/link.txt --verbose=1
/home/abdallah/opt/xPacks/@gnu-mcu-eclipse/arm-none-eabi-gcc/8.2.1-1.4.1/.content/bin/arm-none-eabi-ar qc libcmTC_7031e.a  CMakeFiles/cmTC_7031e.dir/feature_tests.cxx.obj
/home/abdallah/opt/xPacks/@gnu-mcu-eclipse/arm-none-eabi-gcc/8.2.1-1.4.1/.content/bin/arm-none-eabi-ranlib libcmTC_7031e.a
make[1]: Leaving directory '/home/abdallah/eclipse-workspace/STM32CubeExpansion_LRWAN_V1.2.0/build/CMakeFiles/CMakeTmp'


    Feature record: CXX_FEATURE:0cxx_aggregate_default_initializers
    Feature record: CXX_FEATURE:0cxx_alias_templates
    Feature record: CXX_FEATURE:0cxx_alignas
    Feature record: CXX_FEATURE:0cxx_alignof
    Feature record: CXX_FEATURE:0cxx_attributes
    Feature record: CXX_FEATURE:0cxx_attribute_deprecated
    Feature record: CXX_FEATURE:0cxx_auto_type
    Feature record: CXX_FEATURE:0cxx_binary_literals
    Feature record: CXX_FEATURE:0cxx_constexpr
    Feature record: CXX_FEATURE:0cxx_contextual_conversions
    Feature record: CXX_FEATURE:0cxx_decltype
    Feature record: CXX_FEATURE:0cxx_decltype_auto
    Feature record: CXX_FEATURE:0cxx_decltype_incomplete_return_types
    Feature record: CXX_FEATURE:0cxx_default_function_template_args
    Feature record: CXX_FEATURE:0cxx_defaulted_functions
    Feature record: CXX_FEATURE:0cxx_defaulted_move_initializers
    Feature record: CXX_FEATURE:0cxx_delegating_constructors
    Feature record: CXX_FEATURE:0cxx_deleted_functions
    Feature record: CXX_FEATURE:0cxx_digit_separators
    Feature record: CXX_FEATURE:0cxx_enum_forward_declarations
    Feature record: CXX_FEATURE:0cxx_explicit_conversions
    Feature record: CXX_FEATURE:0cxx_extended_friend_declarations
    Feature record: CXX_FEATURE:0cxx_extern_templates
    Feature record: CXX_FEATURE:0cxx_final
    Feature record: CXX_FEATURE:0cxx_func_identifier
    Feature record: CXX_FEATURE:0cxx_generalized_initializers
    Feature record: CXX_FEATURE:0cxx_generic_lambdas
    Feature record: CXX_FEATURE:0cxx_inheriting_constructors
    Feature record: CXX_FEATURE:0cxx_inline_namespaces
    Feature record: CXX_FEATURE:0cxx_lambdas
    Feature record: CXX_FEATURE:0cxx_lambda_init_captures
    Feature record: CXX_FEATURE:0cxx_local_type_template_args
    Feature record: CXX_FEATURE:0cxx_long_long_type
    Feature record: CXX_FEATURE:0cxx_noexcept
    Feature record: CXX_FEATURE:0cxx_nonstatic_member_init
    Feature record: CXX_FEATURE:0cxx_nullptr
    Feature record: CXX_FEATURE:0cxx_override
    Feature record: CXX_FEATURE:0cxx_range_for
    Feature record: CXX_FEATURE:0cxx_raw_string_literals
    Feature record: CXX_FEATURE:0cxx_reference_qualified_functions
    Feature record: CXX_FEATURE:0cxx_relaxed_constexpr
    Feature record: CXX_FEATURE:0cxx_return_type_deduction
    Feature record: CXX_FEATURE:0cxx_right_angle_brackets
    Feature record: CXX_FEATURE:0cxx_rvalue_references
    Feature record: CXX_FEATURE:0cxx_sizeof_member
    Feature record: CXX_FEATURE:0cxx_static_assert
    Feature record: CXX_FEATURE:0cxx_strong_enums
    Feature record: CXX_FEATURE:1cxx_template_template_parameters
    Feature record: CXX_FEATURE:0cxx_thread_local
    Feature record: CXX_FEATURE:0cxx_trailing_return_types
    Feature record: CXX_FEATURE:0cxx_unicode_literals
    Feature record: CXX_FEATURE:0cxx_uniform_initialization
    Feature record: CXX_FEATURE:0cxx_unrestricted_unions
    Feature record: CXX_FEATURE:0cxx_user_literals
    Feature record: CXX_FEATURE:0cxx_variable_templates
    Feature record: CXX_FEATURE:0cxx_variadic_macros
    Feature record: CXX_FEATURE:0cxx_variadic_templates
Checking whether the ASM compiler is GNU using "--version" matched "(GNU assembler)|(GCC)|(Free Software Foundation)":
arm-none-eabi-gcc (GNU MCU Eclipse ARM Embedded GCC, 64-bit) 8.2.1 20181213 (release) [gcc-8-branch revision 267074]
Copyright (C) 2018 Free Software Foundation, Inc.
This is free software; see the source for copying conditions.  There is NO
warranty; not even for MERCHANTABILITY or FITNESS FOR A PARTICULAR PURPOSE.

